<html>
<head>
<title>TestNG:  Mercury Tours testcases</title>
<link href="../testng.css" rel="stylesheet" type="text/css" />
<link href="../my-testng.css" rel="stylesheet" type="text/css" />

<style type="text/css">
.log { display: none;} 
.stack-trace { display: none;} 
</style>
<script type="text/javascript">
<!--
function flip(e) {
  current = e.style.display;
  if (current == 'block') {
    e.style.display = 'none';
    return 0;
  }
  else {
    e.style.display = 'block';
    return 1;
  }
}

function toggleBox(szDivId, elem, msg1, msg2)
{
  var res = -1;  if (document.getElementById) {
    res = flip(document.getElementById(szDivId));
  }
  else if (document.all) {
    // this is the way old msie versions work
    res = flip(document.all[szDivId]);
  }
  if(elem) {
    if(res == 0) elem.innerHTML = msg1; else elem.innerHTML = msg2;
  }

}

function toggleAllBoxes() {
  if (document.getElementsByTagName) {
    d = document.getElementsByTagName('div');
    for (i = 0; i < d.length; i++) {
      if (d[i].className == 'log') {
        flip(d[i]);
      }
    }
  }
}

// -->
</script>

</head>
<body>
<h2 align='center'>Mercury Tours testcases</h2><table border='1' align="center">
<tr>
<td>Tests passed/Failed/Skipped:</td><td>23/2/6</td>
</tr><tr>
<td>Started on:</td><td>Sat Jul 28 23:07:01 IST 2018</td>
</tr>
<tr><td>Total time:</td><td>309 seconds (309410 ms)</td>
</tr><tr>
<td>Included groups:</td><td></td>
</tr><tr>
<td>Excluded groups:</td><td></td>
</tr>
</table><p/>
<small><i>(Hover the method name to see the test class name)</i></small><p/>
<table width='100%' border='1' class='invocation-failed'>
<tr><td colspan='4' align='center'><b>FAILED TESTS</b></td></tr>
<tr><td><b>Test method</b></td>
<td width="30%"><b>Exception</b></td>
<td width="10%"><b>Time (seconds)</b></td>
<td><b>Instance</b></td>
</tr>
<tr>
<td title='com.mercury.qa.testcases.LoginPageTest.validateClickOnContactLinkTest()'><b>validateClickOnContactLinkTest</b><br>Test class: com.mercury.qa.testcases.LoginPageTest</td>
<td><div><pre>java.lang.AssertionError: expected [Contact: Mercury Tours] but found [Under Construction: Mercury Tours]
	at com.mercury.qa.testcases.LoginPageTest.validateClickOnContactLinkTest(LoginPageTest.java:181)
... Removed 31 stack frames</pre></div><a href='#' onClick='toggleBox("stack-trace1980780021", this, "Click to show all stack frames", "Click to hide stack frames")'>Click to show all stack frames</a>
<div class='stack-trace' id='stack-trace1980780021'><pre>java.lang.AssertionError: expected [Contact: Mercury Tours] but found [Under Construction: Mercury Tours]
	at org.testng.Assert.fail(Assert.java:96)
	at org.testng.Assert.failNotEquals(Assert.java:776)
	at org.testng.Assert.assertEqualsImpl(Assert.java:137)
	at org.testng.Assert.assertEquals(Assert.java:118)
	at org.testng.Assert.assertEquals(Assert.java:453)
	at org.testng.Assert.assertEquals(Assert.java:463)
	at com.mercury.qa.testcases.LoginPageTest.validateClickOnContactLinkTest(LoginPageTest.java:181)
	at sun.reflect.NativeMethodAccessorImpl.invoke0(Native Method)
	at sun.reflect.NativeMethodAccessorImpl.invoke(Unknown Source)
	at sun.reflect.DelegatingMethodAccessorImpl.invoke(Unknown Source)
	at java.lang.reflect.Method.invoke(Unknown Source)
	at org.testng.internal.MethodInvocationHelper.invokeMethod(MethodInvocationHelper.java:124)
	at org.testng.internal.Invoker.invokeMethod(Invoker.java:583)
	at org.testng.internal.Invoker.retryFailed(Invoker.java:839)
	at org.testng.internal.Invoker.invokeTestMethods(Invoker.java:1010)
	at org.testng.internal.TestMethodWorker.invokeTestMethods(TestMethodWorker.java:125)
	at org.testng.internal.TestMethodWorker.run(TestMethodWorker.java:109)
	at org.testng.TestRunner.privateRun(TestRunner.java:648)
	at org.testng.TestRunner.run(TestRunner.java:505)
	at org.testng.SuiteRunner.runTest(SuiteRunner.java:455)
	at org.testng.SuiteRunner.runSequentially(SuiteRunner.java:450)
	at org.testng.SuiteRunner.privateRun(SuiteRunner.java:415)
	at org.testng.SuiteRunner.run(SuiteRunner.java:364)
	at org.testng.SuiteRunnerWorker.runSuite(SuiteRunnerWorker.java:52)
	at org.testng.SuiteRunnerWorker.run(SuiteRunnerWorker.java:84)
	at org.testng.TestNG.runSuitesSequentially(TestNG.java:1208)
	at org.testng.TestNG.runSuitesLocally(TestNG.java:1137)
	at org.testng.TestNG.runSuites(TestNG.java:1049)
	at org.testng.TestNG.run(TestNG.java:1017)
	at org.testng.remote.AbstractRemoteTestNG.run(AbstractRemoteTestNG.java:114)
	at org.testng.remote.RemoteTestNG.initAndRun(RemoteTestNG.java:251)
	at org.testng.remote.RemoteTestNG.main(RemoteTestNG.java:77)
</pre></div></td>
<td>0</td>
<td>com.mercury.qa.testcases.LoginPageTest@6e0e048a</td></tr>
<tr>
<td title='com.mercury.qa.testcases.LoginPageTest.validateClickOnSupportLinkTest()'><b>validateClickOnSupportLinkTest</b><br>Test class: com.mercury.qa.testcases.LoginPageTest</td>
<td><div><pre>java.lang.AssertionError: expected [Support: Mercury Tours] but found [Under Construction: Mercury Tours]
	at com.mercury.qa.testcases.LoginPageTest.validateClickOnSupportLinkTest(LoginPageTest.java:172)
... Removed 31 stack frames</pre></div><a href='#' onClick='toggleBox("stack-trace1605650788", this, "Click to show all stack frames", "Click to hide stack frames")'>Click to show all stack frames</a>
<div class='stack-trace' id='stack-trace1605650788'><pre>java.lang.AssertionError: expected [Support: Mercury Tours] but found [Under Construction: Mercury Tours]
	at org.testng.Assert.fail(Assert.java:96)
	at org.testng.Assert.failNotEquals(Assert.java:776)
	at org.testng.Assert.assertEqualsImpl(Assert.java:137)
	at org.testng.Assert.assertEquals(Assert.java:118)
	at org.testng.Assert.assertEquals(Assert.java:453)
	at org.testng.Assert.assertEquals(Assert.java:463)
	at com.mercury.qa.testcases.LoginPageTest.validateClickOnSupportLinkTest(LoginPageTest.java:172)
	at sun.reflect.NativeMethodAccessorImpl.invoke0(Native Method)
	at sun.reflect.NativeMethodAccessorImpl.invoke(Unknown Source)
	at sun.reflect.DelegatingMethodAccessorImpl.invoke(Unknown Source)
	at java.lang.reflect.Method.invoke(Unknown Source)
	at org.testng.internal.MethodInvocationHelper.invokeMethod(MethodInvocationHelper.java:124)
	at org.testng.internal.Invoker.invokeMethod(Invoker.java:583)
	at org.testng.internal.Invoker.retryFailed(Invoker.java:839)
	at org.testng.internal.Invoker.invokeTestMethods(Invoker.java:1010)
	at org.testng.internal.TestMethodWorker.invokeTestMethods(TestMethodWorker.java:125)
	at org.testng.internal.TestMethodWorker.run(TestMethodWorker.java:109)
	at org.testng.TestRunner.privateRun(TestRunner.java:648)
	at org.testng.TestRunner.run(TestRunner.java:505)
	at org.testng.SuiteRunner.runTest(SuiteRunner.java:455)
	at org.testng.SuiteRunner.runSequentially(SuiteRunner.java:450)
	at org.testng.SuiteRunner.privateRun(SuiteRunner.java:415)
	at org.testng.SuiteRunner.run(SuiteRunner.java:364)
	at org.testng.SuiteRunnerWorker.runSuite(SuiteRunnerWorker.java:52)
	at org.testng.SuiteRunnerWorker.run(SuiteRunnerWorker.java:84)
	at org.testng.TestNG.runSuitesSequentially(TestNG.java:1208)
	at org.testng.TestNG.runSuitesLocally(TestNG.java:1137)
	at org.testng.TestNG.runSuites(TestNG.java:1049)
	at org.testng.TestNG.run(TestNG.java:1017)
	at org.testng.remote.AbstractRemoteTestNG.run(AbstractRemoteTestNG.java:114)
	at org.testng.remote.RemoteTestNG.initAndRun(RemoteTestNG.java:251)
	at org.testng.remote.RemoteTestNG.main(RemoteTestNG.java:77)
</pre></div></td>
<td>0</td>
<td>com.mercury.qa.testcases.LoginPageTest@6e0e048a</td></tr>
</table><p>
<table width='100%' border='1' class='invocation-passed'>
<tr><td colspan='4' align='center'><b>PASSED TESTS</b></td></tr>
<tr><td><b>Test method</b></td>
<td width="30%"><b>Exception</b></td>
<td width="10%"><b>Time (seconds)</b></td>
<td><b>Instance</b></td>
</tr>
<tr>
<td title='com.mercury.qa.testcases.LoginPageTest.validateCarRentalsLinkPresentTest()'><b>validateCarRentalsLinkPresentTest</b><br>Test class: com.mercury.qa.testcases.LoginPageTest</td>
<td></td>
<td>0</td>
<td>com.mercury.qa.testcases.LoginPageTest@6e0e048a</td></tr>
<tr>
<td title='com.mercury.qa.testcases.LoginPageTest.validateClickOnRegisterLinkTest()'><b>validateClickOnRegisterLinkTest</b><br>Test class: com.mercury.qa.testcases.LoginPageTest</td>
<td></td>
<td>1</td>
<td>com.mercury.qa.testcases.LoginPageTest@6e0e048a</td></tr>
<tr>
<td title='com.mercury.qa.testcases.LoginPageTest.validateClickOnSignInLinkTest()'><b>validateClickOnSignInLinkTest</b><br>Test class: com.mercury.qa.testcases.LoginPageTest</td>
<td></td>
<td>0</td>
<td>com.mercury.qa.testcases.LoginPageTest@6e0e048a</td></tr>
<tr>
<td title='com.mercury.qa.testcases.LoginPageTest.validateContactLinkPresentTest()'><b>validateContactLinkPresentTest</b><br>Test class: com.mercury.qa.testcases.LoginPageTest</td>
<td></td>
<td>0</td>
<td>com.mercury.qa.testcases.LoginPageTest@6e0e048a</td></tr>
<tr>
<td title='com.mercury.qa.testcases.LoginPageTest.validateCruisesLinkPresentTest()'><b>validateCruisesLinkPresentTest</b><br>Test class: com.mercury.qa.testcases.LoginPageTest</td>
<td></td>
<td>0</td>
<td>com.mercury.qa.testcases.LoginPageTest@6e0e048a</td></tr>
<tr>
<td title='com.mercury.qa.testcases.SelectFlightTest.validateDepartReturnFlightSelection()'><b>validateDepartReturnFlightSelection</b><br>Test class: com.mercury.qa.testcases.SelectFlightTest</td>
<td></td>
<td>1</td>
<td>com.mercury.qa.testcases.SelectFlightTest@47ef968d</td></tr>
<tr>
<td title='com.mercury.qa.testcases.LoginPageTest.validateDestinationsLinkPresentTest()'><b>validateDestinationsLinkPresentTest</b><br>Test class: com.mercury.qa.testcases.LoginPageTest</td>
<td></td>
<td>0</td>
<td>com.mercury.qa.testcases.LoginPageTest@6e0e048a</td></tr>
<tr>
<td title='com.mercury.qa.testcases.BookFlightTest.validateFlightBookingTest()'><b>validateFlightBookingTest</b><br>Test class: com.mercury.qa.testcases.BookFlightTest</td>
<td></td>
<td>4</td>
<td>com.mercury.qa.testcases.BookFlightTest@23e028a9</td></tr>
<tr>
<td title='com.mercury.qa.testcases.FlightFinderTest.validateFlightFinderTest()'><b>validateFlightFinderTest</b><br>Test class: com.mercury.qa.testcases.FlightFinderTest</td>
<td></td>
<td>3</td>
<td>com.mercury.qa.testcases.FlightFinderTest@5bc79255</td></tr>
<tr>
<td title='com.mercury.qa.testcases.LoginPageTest.validateFlightsLinkPresentTest()'><b>validateFlightsLinkPresentTest</b><br>Test class: com.mercury.qa.testcases.LoginPageTest</td>
<td></td>
<td>0</td>
<td>com.mercury.qa.testcases.LoginPageTest@6e0e048a</td></tr>
<tr>
<td title='com.mercury.qa.testcases.LoginPageTest.validateHomeLinkPresentTest()'><b>validateHomeLinkPresentTest</b><br>Test class: com.mercury.qa.testcases.LoginPageTest</td>
<td></td>
<td>0</td>
<td>com.mercury.qa.testcases.LoginPageTest@6e0e048a</td></tr>
<tr>
<td title='com.mercury.qa.testcases.LoginPageTest.validateHotelsLinkPresentTest()'><b>validateHotelsLinkPresentTest</b><br>Test class: com.mercury.qa.testcases.LoginPageTest</td>
<td></td>
<td>0</td>
<td>com.mercury.qa.testcases.LoginPageTest@6e0e048a</td></tr>
<tr>
<td title='com.mercury.qa.testcases.LoginPageTest.validateInvalidLoginTest()'><b>validateInvalidLoginTest</b><br>Test class: com.mercury.qa.testcases.LoginPageTest<br>Parameters: Arun, Mammen</td>
<td></td>
<td>1</td>
<td>com.mercury.qa.testcases.LoginPageTest@6e0e048a</td></tr>
<tr>
<td title='com.mercury.qa.testcases.LoginPageTest.validateInvalidLoginTest()'><b>validateInvalidLoginTest</b><br>Test class: com.mercury.qa.testcases.LoginPageTest<br>Parameters: Leena, Mathew</td>
<td></td>
<td>1</td>
<td>com.mercury.qa.testcases.LoginPageTest@6e0e048a</td></tr>
<tr>
<td title='com.mercury.qa.testcases.LoginPageTest.validateInvalidLoginTest()'><b>validateInvalidLoginTest</b><br>Test class: com.mercury.qa.testcases.LoginPageTest<br>Parameters: admin, admin</td>
<td></td>
<td>1</td>
<td>com.mercury.qa.testcases.LoginPageTest@6e0e048a</td></tr>
<tr>
<td title='com.mercury.qa.testcases.LoginPageTest.validateLogoPresentTest()'><b>validateLogoPresentTest</b><br>Test class: com.mercury.qa.testcases.LoginPageTest</td>
<td></td>
<td>0</td>
<td>com.mercury.qa.testcases.LoginPageTest@6e0e048a</td></tr>
<tr>
<td title='com.mercury.qa.testcases.LoginPageTest.validateRegisterLinkPresentTest()'><b>validateRegisterLinkPresentTest</b><br>Test class: com.mercury.qa.testcases.LoginPageTest</td>
<td></td>
<td>0</td>
<td>com.mercury.qa.testcases.LoginPageTest@6e0e048a</td></tr>
<tr>
<td title='com.mercury.qa.testcases.LoginPageTest.validateSignInLinkPresentTest()'><b>validateSignInLinkPresentTest</b><br>Test class: com.mercury.qa.testcases.LoginPageTest</td>
<td></td>
<td>0</td>
<td>com.mercury.qa.testcases.LoginPageTest@6e0e048a</td></tr>
<tr>
<td title='com.mercury.qa.testcases.BookFlightTest.validateSummaryTest()'><b>validateSummaryTest</b><br>Test class: com.mercury.qa.testcases.BookFlightTest</td>
<td></td>
<td>0</td>
<td>com.mercury.qa.testcases.BookFlightTest@23e028a9</td></tr>
<tr>
<td title='com.mercury.qa.testcases.LoginPageTest.validateSupportLinkPresentTest()'><b>validateSupportLinkPresentTest</b><br>Test class: com.mercury.qa.testcases.LoginPageTest</td>
<td></td>
<td>0</td>
<td>com.mercury.qa.testcases.LoginPageTest@6e0e048a</td></tr>
<tr>
<td title='com.mercury.qa.testcases.LoginPageTest.validateTitleTest()'><b>validateTitleTest</b><br>Test class: com.mercury.qa.testcases.LoginPageTest</td>
<td></td>
<td>0</td>
<td>com.mercury.qa.testcases.LoginPageTest@6e0e048a</td></tr>
<tr>
<td title='com.mercury.qa.testcases.LoginPageTest.validateVacationsLinkPresentTest()'><b>validateVacationsLinkPresentTest</b><br>Test class: com.mercury.qa.testcases.LoginPageTest</td>
<td></td>
<td>0</td>
<td>com.mercury.qa.testcases.LoginPageTest@6e0e048a</td></tr>
<tr>
<td title='com.mercury.qa.testcases.LoginPageTest.validateValidLoginTest()'><b>validateValidLoginTest</b><br>Test class: com.mercury.qa.testcases.LoginPageTest<br>Parameters: mercury, mercury</td>
<td></td>
<td>5</td>
<td>com.mercury.qa.testcases.LoginPageTest@6e0e048a</td></tr>
</table><p>
<table width='100%' border='1' class='invocation-skipped'>
<tr><td colspan='4' align='center'><b>SKIPPED TESTS</b></td></tr>
<tr><td><b>Test method</b></td>
<td width="30%"><b>Exception</b></td>
<td width="10%"><b>Time (seconds)</b></td>
<td><b>Instance</b></td>
</tr>
<tr>
<td title='com.mercury.qa.testcases.LoginPageTest.validateClickOnContactLinkTest()'><b>validateClickOnContactLinkTest</b><br>Test class: com.mercury.qa.testcases.LoginPageTest</td>
<td><div><pre>java.lang.AssertionError: expected [Contact: Mercury Tours] but found [Under Construction: Mercury Tours]
	at com.mercury.qa.testcases.LoginPageTest.validateClickOnContactLinkTest(LoginPageTest.java:181)
... Removed 31 stack frames</pre></div><a href='#' onClick='toggleBox("stack-trace1146848727", this, "Click to show all stack frames", "Click to hide stack frames")'>Click to show all stack frames</a>
<div class='stack-trace' id='stack-trace1146848727'><pre>java.lang.AssertionError: expected [Contact: Mercury Tours] but found [Under Construction: Mercury Tours]
	at org.testng.Assert.fail(Assert.java:96)
	at org.testng.Assert.failNotEquals(Assert.java:776)
	at org.testng.Assert.assertEqualsImpl(Assert.java:137)
	at org.testng.Assert.assertEquals(Assert.java:118)
	at org.testng.Assert.assertEquals(Assert.java:453)
	at org.testng.Assert.assertEquals(Assert.java:463)
	at com.mercury.qa.testcases.LoginPageTest.validateClickOnContactLinkTest(LoginPageTest.java:181)
	at sun.reflect.NativeMethodAccessorImpl.invoke0(Native Method)
	at sun.reflect.NativeMethodAccessorImpl.invoke(Unknown Source)
	at sun.reflect.DelegatingMethodAccessorImpl.invoke(Unknown Source)
	at java.lang.reflect.Method.invoke(Unknown Source)
	at org.testng.internal.MethodInvocationHelper.invokeMethod(MethodInvocationHelper.java:124)
	at org.testng.internal.Invoker.invokeMethod(Invoker.java:583)
	at org.testng.internal.Invoker.invokeTestMethod(Invoker.java:719)
	at org.testng.internal.Invoker.invokeTestMethods(Invoker.java:989)
	at org.testng.internal.TestMethodWorker.invokeTestMethods(TestMethodWorker.java:125)
	at org.testng.internal.TestMethodWorker.run(TestMethodWorker.java:109)
	at org.testng.TestRunner.privateRun(TestRunner.java:648)
	at org.testng.TestRunner.run(TestRunner.java:505)
	at org.testng.SuiteRunner.runTest(SuiteRunner.java:455)
	at org.testng.SuiteRunner.runSequentially(SuiteRunner.java:450)
	at org.testng.SuiteRunner.privateRun(SuiteRunner.java:415)
	at org.testng.SuiteRunner.run(SuiteRunner.java:364)
	at org.testng.SuiteRunnerWorker.runSuite(SuiteRunnerWorker.java:52)
	at org.testng.SuiteRunnerWorker.run(SuiteRunnerWorker.java:84)
	at org.testng.TestNG.runSuitesSequentially(TestNG.java:1208)
	at org.testng.TestNG.runSuitesLocally(TestNG.java:1137)
	at org.testng.TestNG.runSuites(TestNG.java:1049)
	at org.testng.TestNG.run(TestNG.java:1017)
	at org.testng.remote.AbstractRemoteTestNG.run(AbstractRemoteTestNG.java:114)
	at org.testng.remote.RemoteTestNG.initAndRun(RemoteTestNG.java:251)
	at org.testng.remote.RemoteTestNG.main(RemoteTestNG.java:77)
</pre></div></td>
<td>0</td>
<td>com.mercury.qa.testcases.LoginPageTest@6e0e048a</td></tr>
<tr>
<td title='com.mercury.qa.testcases.LoginPageTest.validateClickOnContactLinkTest()'><b>validateClickOnContactLinkTest</b><br>Test class: com.mercury.qa.testcases.LoginPageTest</td>
<td><div><pre>java.lang.AssertionError: expected [Contact: Mercury Tours] but found [Under Construction: Mercury Tours]
	at com.mercury.qa.testcases.LoginPageTest.validateClickOnContactLinkTest(LoginPageTest.java:181)
... Removed 31 stack frames</pre></div><a href='#' onClick='toggleBox("stack-trace505671182", this, "Click to show all stack frames", "Click to hide stack frames")'>Click to show all stack frames</a>
<div class='stack-trace' id='stack-trace505671182'><pre>java.lang.AssertionError: expected [Contact: Mercury Tours] but found [Under Construction: Mercury Tours]
	at org.testng.Assert.fail(Assert.java:96)
	at org.testng.Assert.failNotEquals(Assert.java:776)
	at org.testng.Assert.assertEqualsImpl(Assert.java:137)
	at org.testng.Assert.assertEquals(Assert.java:118)
	at org.testng.Assert.assertEquals(Assert.java:453)
	at org.testng.Assert.assertEquals(Assert.java:463)
	at com.mercury.qa.testcases.LoginPageTest.validateClickOnContactLinkTest(LoginPageTest.java:181)
	at sun.reflect.NativeMethodAccessorImpl.invoke0(Native Method)
	at sun.reflect.NativeMethodAccessorImpl.invoke(Unknown Source)
	at sun.reflect.DelegatingMethodAccessorImpl.invoke(Unknown Source)
	at java.lang.reflect.Method.invoke(Unknown Source)
	at org.testng.internal.MethodInvocationHelper.invokeMethod(MethodInvocationHelper.java:124)
	at org.testng.internal.Invoker.invokeMethod(Invoker.java:583)
	at org.testng.internal.Invoker.retryFailed(Invoker.java:839)
	at org.testng.internal.Invoker.invokeTestMethods(Invoker.java:1010)
	at org.testng.internal.TestMethodWorker.invokeTestMethods(TestMethodWorker.java:125)
	at org.testng.internal.TestMethodWorker.run(TestMethodWorker.java:109)
	at org.testng.TestRunner.privateRun(TestRunner.java:648)
	at org.testng.TestRunner.run(TestRunner.java:505)
	at org.testng.SuiteRunner.runTest(SuiteRunner.java:455)
	at org.testng.SuiteRunner.runSequentially(SuiteRunner.java:450)
	at org.testng.SuiteRunner.privateRun(SuiteRunner.java:415)
	at org.testng.SuiteRunner.run(SuiteRunner.java:364)
	at org.testng.SuiteRunnerWorker.runSuite(SuiteRunnerWorker.java:52)
	at org.testng.SuiteRunnerWorker.run(SuiteRunnerWorker.java:84)
	at org.testng.TestNG.runSuitesSequentially(TestNG.java:1208)
	at org.testng.TestNG.runSuitesLocally(TestNG.java:1137)
	at org.testng.TestNG.runSuites(TestNG.java:1049)
	at org.testng.TestNG.run(TestNG.java:1017)
	at org.testng.remote.AbstractRemoteTestNG.run(AbstractRemoteTestNG.java:114)
	at org.testng.remote.RemoteTestNG.initAndRun(RemoteTestNG.java:251)
	at org.testng.remote.RemoteTestNG.main(RemoteTestNG.java:77)
</pre></div></td>
<td>1</td>
<td>com.mercury.qa.testcases.LoginPageTest@6e0e048a</td></tr>
<tr>
<td title='com.mercury.qa.testcases.LoginPageTest.validateClickOnContactLinkTest()'><b>validateClickOnContactLinkTest</b><br>Test class: com.mercury.qa.testcases.LoginPageTest</td>
<td><div><pre>java.lang.AssertionError: expected [Contact: Mercury Tours] but found [Under Construction: Mercury Tours]
	at com.mercury.qa.testcases.LoginPageTest.validateClickOnContactLinkTest(LoginPageTest.java:181)
... Removed 31 stack frames</pre></div><a href='#' onClick='toggleBox("stack-trace1402852048", this, "Click to show all stack frames", "Click to hide stack frames")'>Click to show all stack frames</a>
<div class='stack-trace' id='stack-trace1402852048'><pre>java.lang.AssertionError: expected [Contact: Mercury Tours] but found [Under Construction: Mercury Tours]
	at org.testng.Assert.fail(Assert.java:96)
	at org.testng.Assert.failNotEquals(Assert.java:776)
	at org.testng.Assert.assertEqualsImpl(Assert.java:137)
	at org.testng.Assert.assertEquals(Assert.java:118)
	at org.testng.Assert.assertEquals(Assert.java:453)
	at org.testng.Assert.assertEquals(Assert.java:463)
	at com.mercury.qa.testcases.LoginPageTest.validateClickOnContactLinkTest(LoginPageTest.java:181)
	at sun.reflect.NativeMethodAccessorImpl.invoke0(Native Method)
	at sun.reflect.NativeMethodAccessorImpl.invoke(Unknown Source)
	at sun.reflect.DelegatingMethodAccessorImpl.invoke(Unknown Source)
	at java.lang.reflect.Method.invoke(Unknown Source)
	at org.testng.internal.MethodInvocationHelper.invokeMethod(MethodInvocationHelper.java:124)
	at org.testng.internal.Invoker.invokeMethod(Invoker.java:583)
	at org.testng.internal.Invoker.retryFailed(Invoker.java:839)
	at org.testng.internal.Invoker.invokeTestMethods(Invoker.java:1010)
	at org.testng.internal.TestMethodWorker.invokeTestMethods(TestMethodWorker.java:125)
	at org.testng.internal.TestMethodWorker.run(TestMethodWorker.java:109)
	at org.testng.TestRunner.privateRun(TestRunner.java:648)
	at org.testng.TestRunner.run(TestRunner.java:505)
	at org.testng.SuiteRunner.runTest(SuiteRunner.java:455)
	at org.testng.SuiteRunner.runSequentially(SuiteRunner.java:450)
	at org.testng.SuiteRunner.privateRun(SuiteRunner.java:415)
	at org.testng.SuiteRunner.run(SuiteRunner.java:364)
	at org.testng.SuiteRunnerWorker.runSuite(SuiteRunnerWorker.java:52)
	at org.testng.SuiteRunnerWorker.run(SuiteRunnerWorker.java:84)
	at org.testng.TestNG.runSuitesSequentially(TestNG.java:1208)
	at org.testng.TestNG.runSuitesLocally(TestNG.java:1137)
	at org.testng.TestNG.runSuites(TestNG.java:1049)
	at org.testng.TestNG.run(TestNG.java:1017)
	at org.testng.remote.AbstractRemoteTestNG.run(AbstractRemoteTestNG.java:114)
	at org.testng.remote.RemoteTestNG.initAndRun(RemoteTestNG.java:251)
	at org.testng.remote.RemoteTestNG.main(RemoteTestNG.java:77)
</pre></div></td>
<td>0</td>
<td>com.mercury.qa.testcases.LoginPageTest@6e0e048a</td></tr>
<tr>
<td title='com.mercury.qa.testcases.LoginPageTest.validateClickOnSupportLinkTest()'><b>validateClickOnSupportLinkTest</b><br>Test class: com.mercury.qa.testcases.LoginPageTest</td>
<td><div><pre>java.lang.AssertionError: expected [Support: Mercury Tours] but found [Under Construction: Mercury Tours]
	at com.mercury.qa.testcases.LoginPageTest.validateClickOnSupportLinkTest(LoginPageTest.java:172)
... Removed 31 stack frames</pre></div><a href='#' onClick='toggleBox("stack-trace510382691", this, "Click to show all stack frames", "Click to hide stack frames")'>Click to show all stack frames</a>
<div class='stack-trace' id='stack-trace510382691'><pre>java.lang.AssertionError: expected [Support: Mercury Tours] but found [Under Construction: Mercury Tours]
	at org.testng.Assert.fail(Assert.java:96)
	at org.testng.Assert.failNotEquals(Assert.java:776)
	at org.testng.Assert.assertEqualsImpl(Assert.java:137)
	at org.testng.Assert.assertEquals(Assert.java:118)
	at org.testng.Assert.assertEquals(Assert.java:453)
	at org.testng.Assert.assertEquals(Assert.java:463)
	at com.mercury.qa.testcases.LoginPageTest.validateClickOnSupportLinkTest(LoginPageTest.java:172)
	at sun.reflect.NativeMethodAccessorImpl.invoke0(Native Method)
	at sun.reflect.NativeMethodAccessorImpl.invoke(Unknown Source)
	at sun.reflect.DelegatingMethodAccessorImpl.invoke(Unknown Source)
	at java.lang.reflect.Method.invoke(Unknown Source)
	at org.testng.internal.MethodInvocationHelper.invokeMethod(MethodInvocationHelper.java:124)
	at org.testng.internal.Invoker.invokeMethod(Invoker.java:583)
	at org.testng.internal.Invoker.invokeTestMethod(Invoker.java:719)
	at org.testng.internal.Invoker.invokeTestMethods(Invoker.java:989)
	at org.testng.internal.TestMethodWorker.invokeTestMethods(TestMethodWorker.java:125)
	at org.testng.internal.TestMethodWorker.run(TestMethodWorker.java:109)
	at org.testng.TestRunner.privateRun(TestRunner.java:648)
	at org.testng.TestRunner.run(TestRunner.java:505)
	at org.testng.SuiteRunner.runTest(SuiteRunner.java:455)
	at org.testng.SuiteRunner.runSequentially(SuiteRunner.java:450)
	at org.testng.SuiteRunner.privateRun(SuiteRunner.java:415)
	at org.testng.SuiteRunner.run(SuiteRunner.java:364)
	at org.testng.SuiteRunnerWorker.runSuite(SuiteRunnerWorker.java:52)
	at org.testng.SuiteRunnerWorker.run(SuiteRunnerWorker.java:84)
	at org.testng.TestNG.runSuitesSequentially(TestNG.java:1208)
	at org.testng.TestNG.runSuitesLocally(TestNG.java:1137)
	at org.testng.TestNG.runSuites(TestNG.java:1049)
	at org.testng.TestNG.run(TestNG.java:1017)
	at org.testng.remote.AbstractRemoteTestNG.run(AbstractRemoteTestNG.java:114)
	at org.testng.remote.RemoteTestNG.initAndRun(RemoteTestNG.java:251)
	at org.testng.remote.RemoteTestNG.main(RemoteTestNG.java:77)
</pre></div></td>
<td>0</td>
<td>com.mercury.qa.testcases.LoginPageTest@6e0e048a</td></tr>
<tr>
<td title='com.mercury.qa.testcases.LoginPageTest.validateClickOnSupportLinkTest()'><b>validateClickOnSupportLinkTest</b><br>Test class: com.mercury.qa.testcases.LoginPageTest</td>
<td><div><pre>java.lang.AssertionError: expected [Support: Mercury Tours] but found [Under Construction: Mercury Tours]
	at com.mercury.qa.testcases.LoginPageTest.validateClickOnSupportLinkTest(LoginPageTest.java:172)
... Removed 31 stack frames</pre></div><a href='#' onClick='toggleBox("stack-trace2102534528", this, "Click to show all stack frames", "Click to hide stack frames")'>Click to show all stack frames</a>
<div class='stack-trace' id='stack-trace2102534528'><pre>java.lang.AssertionError: expected [Support: Mercury Tours] but found [Under Construction: Mercury Tours]
	at org.testng.Assert.fail(Assert.java:96)
	at org.testng.Assert.failNotEquals(Assert.java:776)
	at org.testng.Assert.assertEqualsImpl(Assert.java:137)
	at org.testng.Assert.assertEquals(Assert.java:118)
	at org.testng.Assert.assertEquals(Assert.java:453)
	at org.testng.Assert.assertEquals(Assert.java:463)
	at com.mercury.qa.testcases.LoginPageTest.validateClickOnSupportLinkTest(LoginPageTest.java:172)
	at sun.reflect.NativeMethodAccessorImpl.invoke0(Native Method)
	at sun.reflect.NativeMethodAccessorImpl.invoke(Unknown Source)
	at sun.reflect.DelegatingMethodAccessorImpl.invoke(Unknown Source)
	at java.lang.reflect.Method.invoke(Unknown Source)
	at org.testng.internal.MethodInvocationHelper.invokeMethod(MethodInvocationHelper.java:124)
	at org.testng.internal.Invoker.invokeMethod(Invoker.java:583)
	at org.testng.internal.Invoker.retryFailed(Invoker.java:839)
	at org.testng.internal.Invoker.invokeTestMethods(Invoker.java:1010)
	at org.testng.internal.TestMethodWorker.invokeTestMethods(TestMethodWorker.java:125)
	at org.testng.internal.TestMethodWorker.run(TestMethodWorker.java:109)
	at org.testng.TestRunner.privateRun(TestRunner.java:648)
	at org.testng.TestRunner.run(TestRunner.java:505)
	at org.testng.SuiteRunner.runTest(SuiteRunner.java:455)
	at org.testng.SuiteRunner.runSequentially(SuiteRunner.java:450)
	at org.testng.SuiteRunner.privateRun(SuiteRunner.java:415)
	at org.testng.SuiteRunner.run(SuiteRunner.java:364)
	at org.testng.SuiteRunnerWorker.runSuite(SuiteRunnerWorker.java:52)
	at org.testng.SuiteRunnerWorker.run(SuiteRunnerWorker.java:84)
	at org.testng.TestNG.runSuitesSequentially(TestNG.java:1208)
	at org.testng.TestNG.runSuitesLocally(TestNG.java:1137)
	at org.testng.TestNG.runSuites(TestNG.java:1049)
	at org.testng.TestNG.run(TestNG.java:1017)
	at org.testng.remote.AbstractRemoteTestNG.run(AbstractRemoteTestNG.java:114)
	at org.testng.remote.RemoteTestNG.initAndRun(RemoteTestNG.java:251)
	at org.testng.remote.RemoteTestNG.main(RemoteTestNG.java:77)
</pre></div></td>
<td>0</td>
<td>com.mercury.qa.testcases.LoginPageTest@6e0e048a</td></tr>
<tr>
<td title='com.mercury.qa.testcases.LoginPageTest.validateClickOnSupportLinkTest()'><b>validateClickOnSupportLinkTest</b><br>Test class: com.mercury.qa.testcases.LoginPageTest</td>
<td><div><pre>java.lang.AssertionError: expected [Support: Mercury Tours] but found [Under Construction: Mercury Tours]
	at com.mercury.qa.testcases.LoginPageTest.validateClickOnSupportLinkTest(LoginPageTest.java:172)
... Removed 31 stack frames</pre></div><a href='#' onClick='toggleBox("stack-trace444496286", this, "Click to show all stack frames", "Click to hide stack frames")'>Click to show all stack frames</a>
<div class='stack-trace' id='stack-trace444496286'><pre>java.lang.AssertionError: expected [Support: Mercury Tours] but found [Under Construction: Mercury Tours]
	at org.testng.Assert.fail(Assert.java:96)
	at org.testng.Assert.failNotEquals(Assert.java:776)
	at org.testng.Assert.assertEqualsImpl(Assert.java:137)
	at org.testng.Assert.assertEquals(Assert.java:118)
	at org.testng.Assert.assertEquals(Assert.java:453)
	at org.testng.Assert.assertEquals(Assert.java:463)
	at com.mercury.qa.testcases.LoginPageTest.validateClickOnSupportLinkTest(LoginPageTest.java:172)
	at sun.reflect.NativeMethodAccessorImpl.invoke0(Native Method)
	at sun.reflect.NativeMethodAccessorImpl.invoke(Unknown Source)
	at sun.reflect.DelegatingMethodAccessorImpl.invoke(Unknown Source)
	at java.lang.reflect.Method.invoke(Unknown Source)
	at org.testng.internal.MethodInvocationHelper.invokeMethod(MethodInvocationHelper.java:124)
	at org.testng.internal.Invoker.invokeMethod(Invoker.java:583)
	at org.testng.internal.Invoker.retryFailed(Invoker.java:839)
	at org.testng.internal.Invoker.invokeTestMethods(Invoker.java:1010)
	at org.testng.internal.TestMethodWorker.invokeTestMethods(TestMethodWorker.java:125)
	at org.testng.internal.TestMethodWorker.run(TestMethodWorker.java:109)
	at org.testng.TestRunner.privateRun(TestRunner.java:648)
	at org.testng.TestRunner.run(TestRunner.java:505)
	at org.testng.SuiteRunner.runTest(SuiteRunner.java:455)
	at org.testng.SuiteRunner.runSequentially(SuiteRunner.java:450)
	at org.testng.SuiteRunner.privateRun(SuiteRunner.java:415)
	at org.testng.SuiteRunner.run(SuiteRunner.java:364)
	at org.testng.SuiteRunnerWorker.runSuite(SuiteRunnerWorker.java:52)
	at org.testng.SuiteRunnerWorker.run(SuiteRunnerWorker.java:84)
	at org.testng.TestNG.runSuitesSequentially(TestNG.java:1208)
	at org.testng.TestNG.runSuitesLocally(TestNG.java:1137)
	at org.testng.TestNG.runSuites(TestNG.java:1049)
	at org.testng.TestNG.run(TestNG.java:1017)
	at org.testng.remote.AbstractRemoteTestNG.run(AbstractRemoteTestNG.java:114)
	at org.testng.remote.RemoteTestNG.initAndRun(RemoteTestNG.java:251)
	at org.testng.remote.RemoteTestNG.main(RemoteTestNG.java:77)
</pre></div></td>
<td>0</td>
<td>com.mercury.qa.testcases.LoginPageTest@6e0e048a</td></tr>
</table><p>
</body>
</html>