<?xml version="1.0" encoding="UTF-8"?>
<!-- Generated by org.testng.reporters.JUnitXMLReporter -->
<testsuite hostname="DESKTOP-9NH6BU8" ignored="0" name="Mercury Tours testcases" tests="31" failures="2" timestamp="28 Jul 2018 17:42:11 GMT" time="309.41" errors="0">
  <testcase name="validateTitleTest" time="0.018" classname="com.mercury.qa.testcases.LoginPageTest"/>
  <testcase name="validateSignInLinkPresentTest" time="0.068" classname="com.mercury.qa.testcases.LoginPageTest"/>
  <testcase name="validateRegisterLinkPresentTest" time="0.054" classname="com.mercury.qa.testcases.LoginPageTest"/>
  <testcase name="validateSupportLinkPresentTest" time="0.044" classname="com.mercury.qa.testcases.LoginPageTest"/>
  <testcase name="validateContactLinkPresentTest" time="0.058" classname="com.mercury.qa.testcases.LoginPageTest"/>
  <testcase name="validateHomeLinkPresentTest" time="0.053" classname="com.mercury.qa.testcases.LoginPageTest"/>
  <testcase name="validateFlightsLinkPresentTest" time="0.058" classname="com.mercury.qa.testcases.LoginPageTest"/>
  <testcase name="validateHotelsLinkPresentTest" time="0.052" classname="com.mercury.qa.testcases.LoginPageTest"/>
  <testcase name="validateCarRentalsLinkPresentTest" time="0.057" classname="com.mercury.qa.testcases.LoginPageTest"/>
  <testcase name="validateCruisesLinkPresentTest" time="0.052" classname="com.mercury.qa.testcases.LoginPageTest"/>
  <testcase name="validateDestinationsLinkPresentTest" time="0.051" classname="com.mercury.qa.testcases.LoginPageTest"/>
  <testcase name="validateVacationsLinkPresentTest" time="0.057" classname="com.mercury.qa.testcases.LoginPageTest"/>
  <testcase name="validateLogoPresentTest" time="0.048" classname="com.mercury.qa.testcases.LoginPageTest"/>
  <testcase name="validateClickOnSignInLinkTest" time="0.789" classname="com.mercury.qa.testcases.LoginPageTest"/>
  <testcase name="validateClickOnRegisterLinkTest" time="1.086" classname="com.mercury.qa.testcases.LoginPageTest"/>
  <testcase name="validateClickOnSupportLinkTest" time="0.824" classname="com.mercury.qa.testcases.LoginPageTest">
    <skipped/>
  </testcase> <!-- validateClickOnSupportLinkTest -->
  <testcase name="validateClickOnSupportLinkTest" time="0.799" classname="com.mercury.qa.testcases.LoginPageTest">
    <skipped/>
  </testcase> <!-- validateClickOnSupportLinkTest -->
  <testcase name="validateClickOnSupportLinkTest" time="0.775" classname="com.mercury.qa.testcases.LoginPageTest">
    <skipped/>
  </testcase> <!-- validateClickOnSupportLinkTest -->
  <testcase name="validateClickOnSupportLinkTest" time="0.742" classname="com.mercury.qa.testcases.LoginPageTest">
    <failure type="java.lang.AssertionError" message="expected [Support: Mercury Tours] but found [Under Construction: Mercury Tours]">
      <![CDATA[java.lang.AssertionError: expected [Support: Mercury Tours] but found [Under Construction: Mercury Tours]
at com.mercury.qa.testcases.LoginPageTest.validateClickOnSupportLinkTest(LoginPageTest.java:172)
... Removed 31 stack frames]]>
    </failure>
  </testcase> <!-- validateClickOnSupportLinkTest -->
  <testcase name="validateClickOnContactLinkTest" time="0.749" classname="com.mercury.qa.testcases.LoginPageTest">
    <skipped/>
  </testcase> <!-- validateClickOnContactLinkTest -->
  <testcase name="validateClickOnContactLinkTest" time="1.018" classname="com.mercury.qa.testcases.LoginPageTest">
    <skipped/>
  </testcase> <!-- validateClickOnContactLinkTest -->
  <testcase name="validateClickOnContactLinkTest" time="0.727" classname="com.mercury.qa.testcases.LoginPageTest">
    <skipped/>
  </testcase> <!-- validateClickOnContactLinkTest -->
  <testcase name="validateClickOnContactLinkTest" time="0.743" classname="com.mercury.qa.testcases.LoginPageTest">
    <failure type="java.lang.AssertionError" message="expected [Contact: Mercury Tours] but found [Under Construction: Mercury Tours]">
      <![CDATA[java.lang.AssertionError: expected [Contact: Mercury Tours] but found [Under Construction: Mercury Tours]
at com.mercury.qa.testcases.LoginPageTest.validateClickOnContactLinkTest(LoginPageTest.java:181)
... Removed 31 stack frames]]>
    </failure>
  </testcase> <!-- validateClickOnContactLinkTest -->
  <testcase name="validateInvalidLoginTest" time="1.738" classname="com.mercury.qa.testcases.LoginPageTest"/>
  <testcase name="validateInvalidLoginTest" time="1.743" classname="com.mercury.qa.testcases.LoginPageTest"/>
  <testcase name="validateInvalidLoginTest" time="1.704" classname="com.mercury.qa.testcases.LoginPageTest"/>
  <testcase name="validateValidLoginTest" time="5.765" classname="com.mercury.qa.testcases.LoginPageTest"/>
  <testcase name="validateFlightFinderTest" time="3.887" classname="com.mercury.qa.testcases.FlightFinderTest"/>
  <testcase name="validateDepartReturnFlightSelection" time="1.675" classname="com.mercury.qa.testcases.SelectFlightTest"/>
  <testcase name="validateSummaryTest" time="0.7" classname="com.mercury.qa.testcases.BookFlightTest"/>
  <testcase name="validateFlightBookingTest" time="4.188" classname="com.mercury.qa.testcases.BookFlightTest"/>
</testsuite> <!-- Mercury Tours testcases -->
