<?xml version="1.0" encoding="UTF-8"?>
<!-- Generated by org.testng.reporters.JUnitXMLReporter -->
<testsuite hostname="DESKTOP-9NH6BU8" ignored="0" name="Mercury Tours testcases" tests="31" failures="2" timestamp="29 Jul 2018 06:23:03 GMT" time="318.406" errors="0">
  <testcase name="validateTitleTest" time="0.02" classname="com.mercury.qa.testcases.LoginPageTest"/>
  <testcase name="validateSignInLinkPresentTest" time="0.078" classname="com.mercury.qa.testcases.LoginPageTest"/>
  <testcase name="validateRegisterLinkPresentTest" time="0.053" classname="com.mercury.qa.testcases.LoginPageTest"/>
  <testcase name="validateSupportLinkPresentTest" time="0.073" classname="com.mercury.qa.testcases.LoginPageTest"/>
  <testcase name="validateContactLinkPresentTest" time="0.063" classname="com.mercury.qa.testcases.LoginPageTest"/>
  <testcase name="validateHomeLinkPresentTest" time="0.416" classname="com.mercury.qa.testcases.LoginPageTest"/>
  <testcase name="validateFlightsLinkPresentTest" time="0.081" classname="com.mercury.qa.testcases.LoginPageTest"/>
  <testcase name="validateHotelsLinkPresentTest" time="0.077" classname="com.mercury.qa.testcases.LoginPageTest"/>
  <testcase name="validateCarRentalsLinkPresentTest" time="0.067" classname="com.mercury.qa.testcases.LoginPageTest"/>
  <testcase name="validateCruisesLinkPresentTest" time="0.054" classname="com.mercury.qa.testcases.LoginPageTest"/>
  <testcase name="validateDestinationsLinkPresentTest" time="0.047" classname="com.mercury.qa.testcases.LoginPageTest"/>
  <testcase name="validateVacationsLinkPresentTest" time="0.052" classname="com.mercury.qa.testcases.LoginPageTest"/>
  <testcase name="validateLogoPresentTest" time="0.062" classname="com.mercury.qa.testcases.LoginPageTest"/>
  <testcase name="validateClickOnSignInLinkTest" time="0.791" classname="com.mercury.qa.testcases.LoginPageTest"/>
  <testcase name="validateClickOnRegisterLinkTest" time="1.03" classname="com.mercury.qa.testcases.LoginPageTest"/>
  <testcase name="validateClickOnSupportLinkTest" time="0.772" classname="com.mercury.qa.testcases.LoginPageTest">
    <skipped/>
  </testcase> <!-- validateClickOnSupportLinkTest -->
  <testcase name="validateClickOnSupportLinkTest" time="1.159" classname="com.mercury.qa.testcases.LoginPageTest">
    <skipped/>
  </testcase> <!-- validateClickOnSupportLinkTest -->
  <testcase name="validateClickOnSupportLinkTest" time="0.831" classname="com.mercury.qa.testcases.LoginPageTest">
    <skipped/>
  </testcase> <!-- validateClickOnSupportLinkTest -->
  <testcase name="validateClickOnSupportLinkTest" time="0.828" classname="com.mercury.qa.testcases.LoginPageTest">
    <failure type="java.lang.AssertionError" message="expected [Support: Mercury Tours] but found [Under Construction: Mercury Tours]">
      <![CDATA[java.lang.AssertionError: expected [Support: Mercury Tours] but found [Under Construction: Mercury Tours]
at com.mercury.qa.testcases.LoginPageTest.validateClickOnSupportLinkTest(LoginPageTest.java:172)
... Removed 35 stack frames]]>
    </failure>
  </testcase> <!-- validateClickOnSupportLinkTest -->
  <testcase name="validateClickOnContactLinkTest" time="0.836" classname="com.mercury.qa.testcases.LoginPageTest">
    <skipped/>
  </testcase> <!-- validateClickOnContactLinkTest -->
  <testcase name="validateClickOnContactLinkTest" time="0.814" classname="com.mercury.qa.testcases.LoginPageTest">
    <skipped/>
  </testcase> <!-- validateClickOnContactLinkTest -->
  <testcase name="validateClickOnContactLinkTest" time="0.865" classname="com.mercury.qa.testcases.LoginPageTest">
    <skipped/>
  </testcase> <!-- validateClickOnContactLinkTest -->
  <testcase name="validateClickOnContactLinkTest" time="1.103" classname="com.mercury.qa.testcases.LoginPageTest">
    <failure type="java.lang.AssertionError" message="expected [Contact: Mercury Tours] but found [Under Construction: Mercury Tours]">
      <![CDATA[java.lang.AssertionError: expected [Contact: Mercury Tours] but found [Under Construction: Mercury Tours]
at com.mercury.qa.testcases.LoginPageTest.validateClickOnContactLinkTest(LoginPageTest.java:181)
... Removed 35 stack frames]]>
    </failure>
  </testcase> <!-- validateClickOnContactLinkTest -->
  <testcase name="validateInvalidLoginTest" time="1.881" classname="com.mercury.qa.testcases.LoginPageTest"/>
  <testcase name="validateInvalidLoginTest" time="1.765" classname="com.mercury.qa.testcases.LoginPageTest"/>
  <testcase name="validateInvalidLoginTest" time="2.059" classname="com.mercury.qa.testcases.LoginPageTest"/>
  <testcase name="validateValidLoginTest" time="4.212" classname="com.mercury.qa.testcases.LoginPageTest"/>
  <testcase name="validateFlightFinderTest" time="3.968" classname="com.mercury.qa.testcases.FlightFinderTest"/>
  <testcase name="validateDepartReturnFlightSelection" time="1.637" classname="com.mercury.qa.testcases.SelectFlightTest"/>
  <testcase name="validateSummaryTest" time="0.566" classname="com.mercury.qa.testcases.BookFlightTest"/>
  <testcase name="validateFlightBookingTest" time="4.208" classname="com.mercury.qa.testcases.BookFlightTest"/>
</testsuite> <!-- Mercury Tours testcases -->
