<?xml version="1.0" encoding="UTF-8"?>
<testng-results skipped="6" failed="2" ignored="0" total="31" passed="23">
  <reporter-output>
  </reporter-output>
  <suite name="Merury Tours Automation Test suite" duration-ms="318406" started-at="2018-07-29T06:17:45Z" finished-at="2018-07-29T06:23:03Z">
    <groups>
    </groups>
    <test name="Mercury Tours testcases" duration-ms="318406" started-at="2018-07-29T06:17:45Z" finished-at="2018-07-29T06:23:03Z">
      <class name="com.mercury.qa.testcases.BookFlightTest">
        <test-method status="PASS" signature="setup()[pri:0, instance:com.mercury.qa.testcases.BookFlightTest@47c62251]" name="setup" is-config="true" duration-ms="19053" started-at="2018-07-29T06:22:20Z" finished-at="2018-07-29T06:22:39Z">
          <reporter-output>
          </reporter-output>
        </test-method> <!-- setup -->
        <test-method status="PASS" signature="validateSummaryTest()[pri:22, instance:com.mercury.qa.testcases.BookFlightTest@47c62251]" name="validateSummaryTest" duration-ms="566" started-at="2018-07-29T06:22:39Z" finished-at="2018-07-29T06:22:39Z">
          <reporter-output>
          </reporter-output>
        </test-method> <!-- validateSummaryTest -->
        <test-method status="PASS" signature="tearDown()[pri:0, instance:com.mercury.qa.testcases.BookFlightTest@47c62251]" name="tearDown" is-config="true" duration-ms="755" started-at="2018-07-29T06:22:39Z" finished-at="2018-07-29T06:22:40Z">
          <reporter-output>
          </reporter-output>
        </test-method> <!-- tearDown -->
        <test-method status="PASS" signature="setup()[pri:0, instance:com.mercury.qa.testcases.BookFlightTest@47c62251]" name="setup" is-config="true" duration-ms="18181" started-at="2018-07-29T06:22:40Z" finished-at="2018-07-29T06:22:58Z">
          <reporter-output>
          </reporter-output>
        </test-method> <!-- setup -->
        <test-method status="PASS" signature="validateFlightBookingTest()[pri:23, instance:com.mercury.qa.testcases.BookFlightTest@47c62251]" name="validateFlightBookingTest" duration-ms="4208" started-at="2018-07-29T06:22:58Z" finished-at="2018-07-29T06:23:02Z">
          <reporter-output>
          </reporter-output>
        </test-method> <!-- validateFlightBookingTest -->
        <test-method status="PASS" signature="tearDown()[pri:0, instance:com.mercury.qa.testcases.BookFlightTest@47c62251]" name="tearDown" is-config="true" duration-ms="723" started-at="2018-07-29T06:23:02Z" finished-at="2018-07-29T06:23:03Z">
          <reporter-output>
          </reporter-output>
        </test-method> <!-- tearDown -->
      </class> <!-- com.mercury.qa.testcases.BookFlightTest -->
      <class name="com.mercury.qa.testcases.LoginPageTest">
        <test-method status="PASS" signature="setup()[pri:0, instance:com.mercury.qa.testcases.LoginPageTest@59f99ea]" name="setup" is-config="true" duration-ms="7136" started-at="2018-07-29T06:17:45Z" finished-at="2018-07-29T06:17:52Z">
          <reporter-output>
          </reporter-output>
        </test-method> <!-- setup -->
        <test-method status="PASS" signature="validateTitleTest()[pri:1, instance:com.mercury.qa.testcases.LoginPageTest@59f99ea]" name="validateTitleTest" duration-ms="20" started-at="2018-07-29T06:17:52Z" finished-at="2018-07-29T06:17:52Z">
          <reporter-output>
          </reporter-output>
        </test-method> <!-- validateTitleTest -->
        <test-method status="PASS" signature="tearDown()[pri:0, instance:com.mercury.qa.testcases.LoginPageTest@59f99ea]" name="tearDown" is-config="true" duration-ms="773" started-at="2018-07-29T06:17:52Z" finished-at="2018-07-29T06:17:53Z">
          <reporter-output>
          </reporter-output>
        </test-method> <!-- tearDown -->
        <test-method status="PASS" signature="setup()[pri:0, instance:com.mercury.qa.testcases.LoginPageTest@59f99ea]" name="setup" is-config="true" duration-ms="5618" started-at="2018-07-29T06:17:53Z" finished-at="2018-07-29T06:17:58Z">
          <reporter-output>
          </reporter-output>
        </test-method> <!-- setup -->
        <test-method status="PASS" signature="validateSignInLinkPresentTest()[pri:2, instance:com.mercury.qa.testcases.LoginPageTest@59f99ea]" name="validateSignInLinkPresentTest" duration-ms="78" started-at="2018-07-29T06:17:58Z" finished-at="2018-07-29T06:17:58Z">
          <reporter-output>
          </reporter-output>
        </test-method> <!-- validateSignInLinkPresentTest -->
        <test-method status="PASS" signature="tearDown()[pri:0, instance:com.mercury.qa.testcases.LoginPageTest@59f99ea]" name="tearDown" is-config="true" duration-ms="711" started-at="2018-07-29T06:17:58Z" finished-at="2018-07-29T06:17:59Z">
          <reporter-output>
          </reporter-output>
        </test-method> <!-- tearDown -->
        <test-method status="PASS" signature="setup()[pri:0, instance:com.mercury.qa.testcases.LoginPageTest@59f99ea]" name="setup" is-config="true" duration-ms="5815" started-at="2018-07-29T06:17:59Z" finished-at="2018-07-29T06:18:05Z">
          <reporter-output>
          </reporter-output>
        </test-method> <!-- setup -->
        <test-method status="PASS" signature="validateRegisterLinkPresentTest()[pri:3, instance:com.mercury.qa.testcases.LoginPageTest@59f99ea]" name="validateRegisterLinkPresentTest" duration-ms="53" started-at="2018-07-29T06:18:05Z" finished-at="2018-07-29T06:18:05Z">
          <reporter-output>
          </reporter-output>
        </test-method> <!-- validateRegisterLinkPresentTest -->
        <test-method status="PASS" signature="tearDown()[pri:0, instance:com.mercury.qa.testcases.LoginPageTest@59f99ea]" name="tearDown" is-config="true" duration-ms="762" started-at="2018-07-29T06:18:05Z" finished-at="2018-07-29T06:18:06Z">
          <reporter-output>
          </reporter-output>
        </test-method> <!-- tearDown -->
        <test-method status="PASS" signature="setup()[pri:0, instance:com.mercury.qa.testcases.LoginPageTest@59f99ea]" name="setup" is-config="true" duration-ms="5747" started-at="2018-07-29T06:18:06Z" finished-at="2018-07-29T06:18:11Z">
          <reporter-output>
          </reporter-output>
        </test-method> <!-- setup -->
        <test-method status="PASS" signature="validateSupportLinkPresentTest()[pri:4, instance:com.mercury.qa.testcases.LoginPageTest@59f99ea]" name="validateSupportLinkPresentTest" duration-ms="73" started-at="2018-07-29T06:18:11Z" finished-at="2018-07-29T06:18:11Z">
          <reporter-output>
          </reporter-output>
        </test-method> <!-- validateSupportLinkPresentTest -->
        <test-method status="PASS" signature="tearDown()[pri:0, instance:com.mercury.qa.testcases.LoginPageTest@59f99ea]" name="tearDown" is-config="true" duration-ms="928" started-at="2018-07-29T06:18:11Z" finished-at="2018-07-29T06:18:12Z">
          <reporter-output>
          </reporter-output>
        </test-method> <!-- tearDown -->
        <test-method status="PASS" signature="setup()[pri:0, instance:com.mercury.qa.testcases.LoginPageTest@59f99ea]" name="setup" is-config="true" duration-ms="5683" started-at="2018-07-29T06:18:12Z" finished-at="2018-07-29T06:18:18Z">
          <reporter-output>
          </reporter-output>
        </test-method> <!-- setup -->
        <test-method status="PASS" signature="validateContactLinkPresentTest()[pri:5, instance:com.mercury.qa.testcases.LoginPageTest@59f99ea]" name="validateContactLinkPresentTest" duration-ms="63" started-at="2018-07-29T06:18:18Z" finished-at="2018-07-29T06:18:18Z">
          <reporter-output>
          </reporter-output>
        </test-method> <!-- validateContactLinkPresentTest -->
        <test-method status="PASS" signature="tearDown()[pri:0, instance:com.mercury.qa.testcases.LoginPageTest@59f99ea]" name="tearDown" is-config="true" duration-ms="765" started-at="2018-07-29T06:18:18Z" finished-at="2018-07-29T06:18:19Z">
          <reporter-output>
          </reporter-output>
        </test-method> <!-- tearDown -->
        <test-method status="PASS" signature="setup()[pri:0, instance:com.mercury.qa.testcases.LoginPageTest@59f99ea]" name="setup" is-config="true" duration-ms="5712" started-at="2018-07-29T06:18:19Z" finished-at="2018-07-29T06:18:25Z">
          <reporter-output>
          </reporter-output>
        </test-method> <!-- setup -->
        <test-method status="PASS" signature="validateHomeLinkPresentTest()[pri:6, instance:com.mercury.qa.testcases.LoginPageTest@59f99ea]" name="validateHomeLinkPresentTest" duration-ms="416" started-at="2018-07-29T06:18:25Z" finished-at="2018-07-29T06:18:25Z">
          <reporter-output>
          </reporter-output>
        </test-method> <!-- validateHomeLinkPresentTest -->
        <test-method status="PASS" signature="tearDown()[pri:0, instance:com.mercury.qa.testcases.LoginPageTest@59f99ea]" name="tearDown" is-config="true" duration-ms="1137" started-at="2018-07-29T06:18:25Z" finished-at="2018-07-29T06:18:26Z">
          <reporter-output>
          </reporter-output>
        </test-method> <!-- tearDown -->
        <test-method status="PASS" signature="setup()[pri:0, instance:com.mercury.qa.testcases.LoginPageTest@59f99ea]" name="setup" is-config="true" duration-ms="9601" started-at="2018-07-29T06:18:26Z" finished-at="2018-07-29T06:18:36Z">
          <reporter-output>
          </reporter-output>
        </test-method> <!-- setup -->
        <test-method status="PASS" signature="validateFlightsLinkPresentTest()[pri:7, instance:com.mercury.qa.testcases.LoginPageTest@59f99ea]" name="validateFlightsLinkPresentTest" duration-ms="81" started-at="2018-07-29T06:18:36Z" finished-at="2018-07-29T06:18:36Z">
          <reporter-output>
          </reporter-output>
        </test-method> <!-- validateFlightsLinkPresentTest -->
        <test-method status="PASS" signature="tearDown()[pri:0, instance:com.mercury.qa.testcases.LoginPageTest@59f99ea]" name="tearDown" is-config="true" duration-ms="1112" started-at="2018-07-29T06:18:36Z" finished-at="2018-07-29T06:18:37Z">
          <reporter-output>
          </reporter-output>
        </test-method> <!-- tearDown -->
        <test-method status="PASS" signature="setup()[pri:0, instance:com.mercury.qa.testcases.LoginPageTest@59f99ea]" name="setup" is-config="true" duration-ms="7701" started-at="2018-07-29T06:18:37Z" finished-at="2018-07-29T06:18:45Z">
          <reporter-output>
          </reporter-output>
        </test-method> <!-- setup -->
        <test-method status="PASS" signature="validateHotelsLinkPresentTest()[pri:8, instance:com.mercury.qa.testcases.LoginPageTest@59f99ea]" name="validateHotelsLinkPresentTest" duration-ms="77" started-at="2018-07-29T06:18:45Z" finished-at="2018-07-29T06:18:45Z">
          <reporter-output>
          </reporter-output>
        </test-method> <!-- validateHotelsLinkPresentTest -->
        <test-method status="PASS" signature="tearDown()[pri:0, instance:com.mercury.qa.testcases.LoginPageTest@59f99ea]" name="tearDown" is-config="true" duration-ms="1113" started-at="2018-07-29T06:18:45Z" finished-at="2018-07-29T06:18:46Z">
          <reporter-output>
          </reporter-output>
        </test-method> <!-- tearDown -->
        <test-method status="PASS" signature="setup()[pri:0, instance:com.mercury.qa.testcases.LoginPageTest@59f99ea]" name="setup" is-config="true" duration-ms="14680" started-at="2018-07-29T06:18:46Z" finished-at="2018-07-29T06:19:00Z">
          <reporter-output>
          </reporter-output>
        </test-method> <!-- setup -->
        <test-method status="PASS" signature="validateCarRentalsLinkPresentTest()[pri:9, instance:com.mercury.qa.testcases.LoginPageTest@59f99ea]" name="validateCarRentalsLinkPresentTest" duration-ms="67" started-at="2018-07-29T06:19:00Z" finished-at="2018-07-29T06:19:01Z">
          <reporter-output>
          </reporter-output>
        </test-method> <!-- validateCarRentalsLinkPresentTest -->
        <test-method status="PASS" signature="tearDown()[pri:0, instance:com.mercury.qa.testcases.LoginPageTest@59f99ea]" name="tearDown" is-config="true" duration-ms="745" started-at="2018-07-29T06:19:01Z" finished-at="2018-07-29T06:19:01Z">
          <reporter-output>
          </reporter-output>
        </test-method> <!-- tearDown -->
        <test-method status="PASS" signature="setup()[pri:0, instance:com.mercury.qa.testcases.LoginPageTest@59f99ea]" name="setup" is-config="true" duration-ms="7516" started-at="2018-07-29T06:19:01Z" finished-at="2018-07-29T06:19:09Z">
          <reporter-output>
          </reporter-output>
        </test-method> <!-- setup -->
        <test-method status="PASS" signature="validateCruisesLinkPresentTest()[pri:10, instance:com.mercury.qa.testcases.LoginPageTest@59f99ea]" name="validateCruisesLinkPresentTest" duration-ms="54" started-at="2018-07-29T06:19:09Z" finished-at="2018-07-29T06:19:09Z">
          <reporter-output>
          </reporter-output>
        </test-method> <!-- validateCruisesLinkPresentTest -->
        <test-method status="PASS" signature="tearDown()[pri:0, instance:com.mercury.qa.testcases.LoginPageTest@59f99ea]" name="tearDown" is-config="true" duration-ms="708" started-at="2018-07-29T06:19:09Z" finished-at="2018-07-29T06:19:10Z">
          <reporter-output>
          </reporter-output>
        </test-method> <!-- tearDown -->
        <test-method status="PASS" signature="setup()[pri:0, instance:com.mercury.qa.testcases.LoginPageTest@59f99ea]" name="setup" is-config="true" duration-ms="7397" started-at="2018-07-29T06:19:10Z" finished-at="2018-07-29T06:19:17Z">
          <reporter-output>
          </reporter-output>
        </test-method> <!-- setup -->
        <test-method status="PASS" signature="validateDestinationsLinkPresentTest()[pri:11, instance:com.mercury.qa.testcases.LoginPageTest@59f99ea]" name="validateDestinationsLinkPresentTest" duration-ms="47" started-at="2018-07-29T06:19:17Z" finished-at="2018-07-29T06:19:17Z">
          <reporter-output>
          </reporter-output>
        </test-method> <!-- validateDestinationsLinkPresentTest -->
        <test-method status="PASS" signature="tearDown()[pri:0, instance:com.mercury.qa.testcases.LoginPageTest@59f99ea]" name="tearDown" is-config="true" duration-ms="813" started-at="2018-07-29T06:19:17Z" finished-at="2018-07-29T06:19:18Z">
          <reporter-output>
          </reporter-output>
        </test-method> <!-- tearDown -->
        <test-method status="PASS" signature="setup()[pri:0, instance:com.mercury.qa.testcases.LoginPageTest@59f99ea]" name="setup" is-config="true" duration-ms="7537" started-at="2018-07-29T06:19:18Z" finished-at="2018-07-29T06:19:25Z">
          <reporter-output>
          </reporter-output>
        </test-method> <!-- setup -->
        <test-method status="PASS" signature="validateVacationsLinkPresentTest()[pri:12, instance:com.mercury.qa.testcases.LoginPageTest@59f99ea]" name="validateVacationsLinkPresentTest" duration-ms="52" started-at="2018-07-29T06:19:25Z" finished-at="2018-07-29T06:19:25Z">
          <reporter-output>
          </reporter-output>
        </test-method> <!-- validateVacationsLinkPresentTest -->
        <test-method status="PASS" signature="tearDown()[pri:0, instance:com.mercury.qa.testcases.LoginPageTest@59f99ea]" name="tearDown" is-config="true" duration-ms="774" started-at="2018-07-29T06:19:25Z" finished-at="2018-07-29T06:19:26Z">
          <reporter-output>
          </reporter-output>
        </test-method> <!-- tearDown -->
        <test-method status="PASS" signature="setup()[pri:0, instance:com.mercury.qa.testcases.LoginPageTest@59f99ea]" name="setup" is-config="true" duration-ms="7607" started-at="2018-07-29T06:19:26Z" finished-at="2018-07-29T06:19:34Z">
          <reporter-output>
          </reporter-output>
        </test-method> <!-- setup -->
        <test-method status="PASS" signature="validateLogoPresentTest()[pri:13, instance:com.mercury.qa.testcases.LoginPageTest@59f99ea]" name="validateLogoPresentTest" duration-ms="62" started-at="2018-07-29T06:19:34Z" finished-at="2018-07-29T06:19:34Z">
          <reporter-output>
          </reporter-output>
        </test-method> <!-- validateLogoPresentTest -->
        <test-method status="PASS" signature="tearDown()[pri:0, instance:com.mercury.qa.testcases.LoginPageTest@59f99ea]" name="tearDown" is-config="true" duration-ms="810" started-at="2018-07-29T06:19:34Z" finished-at="2018-07-29T06:19:35Z">
          <reporter-output>
          </reporter-output>
        </test-method> <!-- tearDown -->
        <test-method status="PASS" signature="setup()[pri:0, instance:com.mercury.qa.testcases.LoginPageTest@59f99ea]" name="setup" is-config="true" duration-ms="9138" started-at="2018-07-29T06:19:35Z" finished-at="2018-07-29T06:19:44Z">
          <reporter-output>
          </reporter-output>
        </test-method> <!-- setup -->
        <test-method status="PASS" signature="validateClickOnSignInLinkTest()[pri:14, instance:com.mercury.qa.testcases.LoginPageTest@59f99ea]" name="validateClickOnSignInLinkTest" duration-ms="791" started-at="2018-07-29T06:19:44Z" finished-at="2018-07-29T06:19:45Z">
          <reporter-output>
          </reporter-output>
        </test-method> <!-- validateClickOnSignInLinkTest -->
        <test-method status="PASS" signature="tearDown()[pri:0, instance:com.mercury.qa.testcases.LoginPageTest@59f99ea]" name="tearDown" is-config="true" duration-ms="927" started-at="2018-07-29T06:19:45Z" finished-at="2018-07-29T06:19:46Z">
          <reporter-output>
          </reporter-output>
        </test-method> <!-- tearDown -->
        <test-method status="PASS" signature="setup()[pri:0, instance:com.mercury.qa.testcases.LoginPageTest@59f99ea]" name="setup" is-config="true" duration-ms="8121" started-at="2018-07-29T06:19:46Z" finished-at="2018-07-29T06:19:54Z">
          <reporter-output>
          </reporter-output>
        </test-method> <!-- setup -->
        <test-method status="PASS" signature="validateClickOnRegisterLinkTest()[pri:15, instance:com.mercury.qa.testcases.LoginPageTest@59f99ea]" name="validateClickOnRegisterLinkTest" duration-ms="1030" started-at="2018-07-29T06:19:54Z" finished-at="2018-07-29T06:19:55Z">
          <reporter-output>
          </reporter-output>
        </test-method> <!-- validateClickOnRegisterLinkTest -->
        <test-method status="PASS" signature="tearDown()[pri:0, instance:com.mercury.qa.testcases.LoginPageTest@59f99ea]" name="tearDown" is-config="true" duration-ms="711" started-at="2018-07-29T06:19:55Z" finished-at="2018-07-29T06:19:55Z">
          <reporter-output>
          </reporter-output>
        </test-method> <!-- tearDown -->
        <test-method status="PASS" signature="setup()[pri:0, instance:com.mercury.qa.testcases.LoginPageTest@59f99ea]" name="setup" is-config="true" duration-ms="7051" started-at="2018-07-29T06:19:55Z" finished-at="2018-07-29T06:20:02Z">
          <reporter-output>
          </reporter-output>
        </test-method> <!-- setup -->
        <test-method status="SKIP" signature="validateClickOnSupportLinkTest()[pri:16, instance:com.mercury.qa.testcases.LoginPageTest@59f99ea]" name="validateClickOnSupportLinkTest" duration-ms="772" started-at="2018-07-29T06:20:02Z" finished-at="2018-07-29T06:20:03Z">
          <exception class="java.lang.AssertionError">
            <message>
              <![CDATA[expected [Support: Mercury Tours] but found [Under Construction: Mercury Tours]]]>
            </message>
            <full-stacktrace>
              <![CDATA[java.lang.AssertionError: expected [Support: Mercury Tours] but found [Under Construction: Mercury Tours]
at org.testng.Assert.fail(Assert.java:96)
at org.testng.Assert.failNotEquals(Assert.java:776)
at org.testng.Assert.assertEqualsImpl(Assert.java:137)
at org.testng.Assert.assertEquals(Assert.java:118)
at org.testng.Assert.assertEquals(Assert.java:453)
at org.testng.Assert.assertEquals(Assert.java:463)
at com.mercury.qa.testcases.LoginPageTest.validateClickOnSupportLinkTest(LoginPageTest.java:172)
at sun.reflect.NativeMethodAccessorImpl.invoke0(Native Method)
at sun.reflect.NativeMethodAccessorImpl.invoke(NativeMethodAccessorImpl.java:62)
at sun.reflect.DelegatingMethodAccessorImpl.invoke(DelegatingMethodAccessorImpl.java:43)
at java.lang.reflect.Method.invoke(Method.java:498)
at org.testng.internal.MethodInvocationHelper.invokeMethod(MethodInvocationHelper.java:124)
at org.testng.internal.Invoker.invokeMethod(Invoker.java:583)
at org.testng.internal.Invoker.invokeTestMethod(Invoker.java:719)
at org.testng.internal.Invoker.invokeTestMethods(Invoker.java:989)
at org.testng.internal.TestMethodWorker.invokeTestMethods(TestMethodWorker.java:125)
at org.testng.internal.TestMethodWorker.run(TestMethodWorker.java:109)
at org.testng.TestRunner.privateRun(TestRunner.java:648)
at org.testng.TestRunner.run(TestRunner.java:505)
at org.testng.SuiteRunner.runTest(SuiteRunner.java:455)
at org.testng.SuiteRunner.runSequentially(SuiteRunner.java:450)
at org.testng.SuiteRunner.privateRun(SuiteRunner.java:415)
at org.testng.SuiteRunner.run(SuiteRunner.java:364)
at org.testng.SuiteRunnerWorker.runSuite(SuiteRunnerWorker.java:52)
at org.testng.SuiteRunnerWorker.run(SuiteRunnerWorker.java:84)
at org.testng.TestNG.runSuitesSequentially(TestNG.java:1208)
at org.testng.TestNG.runSuitesLocally(TestNG.java:1137)
at org.testng.TestNG.runSuites(TestNG.java:1049)
at org.testng.TestNG.run(TestNG.java:1017)
at org.apache.maven.surefire.testng.TestNGExecutor.run(TestNGExecutor.java:283)
at org.apache.maven.surefire.testng.TestNGXmlTestSuite.execute(TestNGXmlTestSuite.java:75)
at org.apache.maven.surefire.testng.TestNGProvider.invoke(TestNGProvider.java:120)
at org.apache.maven.surefire.booter.ForkedBooter.invokeProviderInSameClassLoader(ForkedBooter.java:373)
at org.apache.maven.surefire.booter.ForkedBooter.runSuitesInProcess(ForkedBooter.java:334)
at org.apache.maven.surefire.booter.ForkedBooter.execute(ForkedBooter.java:119)
at org.apache.maven.surefire.booter.ForkedBooter.main(ForkedBooter.java:407)
]]>
            </full-stacktrace>
          </exception> <!-- java.lang.AssertionError -->
          <reporter-output>
          </reporter-output>
        </test-method> <!-- validateClickOnSupportLinkTest -->
        <test-method status="PASS" signature="tearDown()[pri:0, instance:com.mercury.qa.testcases.LoginPageTest@59f99ea]" name="tearDown" is-config="true" duration-ms="809" started-at="2018-07-29T06:20:03Z" finished-at="2018-07-29T06:20:04Z">
          <reporter-output>
          </reporter-output>
        </test-method> <!-- tearDown -->
        <test-method status="PASS" signature="setup()[pri:0, instance:com.mercury.qa.testcases.LoginPageTest@59f99ea]" name="setup" is-config="true" duration-ms="5896" started-at="2018-07-29T06:20:04Z" finished-at="2018-07-29T06:20:10Z">
          <reporter-output>
          </reporter-output>
        </test-method> <!-- setup -->
        <test-method status="SKIP" signature="validateClickOnSupportLinkTest()[pri:16, instance:com.mercury.qa.testcases.LoginPageTest@59f99ea]" name="validateClickOnSupportLinkTest" duration-ms="1159" started-at="2018-07-29T06:20:10Z" finished-at="2018-07-29T06:20:11Z">
          <exception class="java.lang.AssertionError">
            <message>
              <![CDATA[expected [Support: Mercury Tours] but found [Under Construction: Mercury Tours]]]>
            </message>
            <full-stacktrace>
              <![CDATA[java.lang.AssertionError: expected [Support: Mercury Tours] but found [Under Construction: Mercury Tours]
at org.testng.Assert.fail(Assert.java:96)
at org.testng.Assert.failNotEquals(Assert.java:776)
at org.testng.Assert.assertEqualsImpl(Assert.java:137)
at org.testng.Assert.assertEquals(Assert.java:118)
at org.testng.Assert.assertEquals(Assert.java:453)
at org.testng.Assert.assertEquals(Assert.java:463)
at com.mercury.qa.testcases.LoginPageTest.validateClickOnSupportLinkTest(LoginPageTest.java:172)
at sun.reflect.NativeMethodAccessorImpl.invoke0(Native Method)
at sun.reflect.NativeMethodAccessorImpl.invoke(NativeMethodAccessorImpl.java:62)
at sun.reflect.DelegatingMethodAccessorImpl.invoke(DelegatingMethodAccessorImpl.java:43)
at java.lang.reflect.Method.invoke(Method.java:498)
at org.testng.internal.MethodInvocationHelper.invokeMethod(MethodInvocationHelper.java:124)
at org.testng.internal.Invoker.invokeMethod(Invoker.java:583)
at org.testng.internal.Invoker.retryFailed(Invoker.java:839)
at org.testng.internal.Invoker.invokeTestMethods(Invoker.java:1010)
at org.testng.internal.TestMethodWorker.invokeTestMethods(TestMethodWorker.java:125)
at org.testng.internal.TestMethodWorker.run(TestMethodWorker.java:109)
at org.testng.TestRunner.privateRun(TestRunner.java:648)
at org.testng.TestRunner.run(TestRunner.java:505)
at org.testng.SuiteRunner.runTest(SuiteRunner.java:455)
at org.testng.SuiteRunner.runSequentially(SuiteRunner.java:450)
at org.testng.SuiteRunner.privateRun(SuiteRunner.java:415)
at org.testng.SuiteRunner.run(SuiteRunner.java:364)
at org.testng.SuiteRunnerWorker.runSuite(SuiteRunnerWorker.java:52)
at org.testng.SuiteRunnerWorker.run(SuiteRunnerWorker.java:84)
at org.testng.TestNG.runSuitesSequentially(TestNG.java:1208)
at org.testng.TestNG.runSuitesLocally(TestNG.java:1137)
at org.testng.TestNG.runSuites(TestNG.java:1049)
at org.testng.TestNG.run(TestNG.java:1017)
at org.apache.maven.surefire.testng.TestNGExecutor.run(TestNGExecutor.java:283)
at org.apache.maven.surefire.testng.TestNGXmlTestSuite.execute(TestNGXmlTestSuite.java:75)
at org.apache.maven.surefire.testng.TestNGProvider.invoke(TestNGProvider.java:120)
at org.apache.maven.surefire.booter.ForkedBooter.invokeProviderInSameClassLoader(ForkedBooter.java:373)
at org.apache.maven.surefire.booter.ForkedBooter.runSuitesInProcess(ForkedBooter.java:334)
at org.apache.maven.surefire.booter.ForkedBooter.execute(ForkedBooter.java:119)
at org.apache.maven.surefire.booter.ForkedBooter.main(ForkedBooter.java:407)
]]>
            </full-stacktrace>
          </exception> <!-- java.lang.AssertionError -->
          <reporter-output>
          </reporter-output>
        </test-method> <!-- validateClickOnSupportLinkTest -->
        <test-method status="PASS" signature="tearDown()[pri:0, instance:com.mercury.qa.testcases.LoginPageTest@59f99ea]" name="tearDown" is-config="true" duration-ms="828" started-at="2018-07-29T06:20:11Z" finished-at="2018-07-29T06:20:12Z">
          <reporter-output>
          </reporter-output>
        </test-method> <!-- tearDown -->
        <test-method status="PASS" signature="setup()[pri:0, instance:com.mercury.qa.testcases.LoginPageTest@59f99ea]" name="setup" is-config="true" duration-ms="6444" started-at="2018-07-29T06:20:12Z" finished-at="2018-07-29T06:20:18Z">
          <reporter-output>
          </reporter-output>
        </test-method> <!-- setup -->
        <test-method status="SKIP" signature="validateClickOnSupportLinkTest()[pri:16, instance:com.mercury.qa.testcases.LoginPageTest@59f99ea]" name="validateClickOnSupportLinkTest" duration-ms="831" started-at="2018-07-29T06:20:18Z" finished-at="2018-07-29T06:20:19Z">
          <exception class="java.lang.AssertionError">
            <message>
              <![CDATA[expected [Support: Mercury Tours] but found [Under Construction: Mercury Tours]]]>
            </message>
            <full-stacktrace>
              <![CDATA[java.lang.AssertionError: expected [Support: Mercury Tours] but found [Under Construction: Mercury Tours]
at org.testng.Assert.fail(Assert.java:96)
at org.testng.Assert.failNotEquals(Assert.java:776)
at org.testng.Assert.assertEqualsImpl(Assert.java:137)
at org.testng.Assert.assertEquals(Assert.java:118)
at org.testng.Assert.assertEquals(Assert.java:453)
at org.testng.Assert.assertEquals(Assert.java:463)
at com.mercury.qa.testcases.LoginPageTest.validateClickOnSupportLinkTest(LoginPageTest.java:172)
at sun.reflect.NativeMethodAccessorImpl.invoke0(Native Method)
at sun.reflect.NativeMethodAccessorImpl.invoke(NativeMethodAccessorImpl.java:62)
at sun.reflect.DelegatingMethodAccessorImpl.invoke(DelegatingMethodAccessorImpl.java:43)
at java.lang.reflect.Method.invoke(Method.java:498)
at org.testng.internal.MethodInvocationHelper.invokeMethod(MethodInvocationHelper.java:124)
at org.testng.internal.Invoker.invokeMethod(Invoker.java:583)
at org.testng.internal.Invoker.retryFailed(Invoker.java:839)
at org.testng.internal.Invoker.invokeTestMethods(Invoker.java:1010)
at org.testng.internal.TestMethodWorker.invokeTestMethods(TestMethodWorker.java:125)
at org.testng.internal.TestMethodWorker.run(TestMethodWorker.java:109)
at org.testng.TestRunner.privateRun(TestRunner.java:648)
at org.testng.TestRunner.run(TestRunner.java:505)
at org.testng.SuiteRunner.runTest(SuiteRunner.java:455)
at org.testng.SuiteRunner.runSequentially(SuiteRunner.java:450)
at org.testng.SuiteRunner.privateRun(SuiteRunner.java:415)
at org.testng.SuiteRunner.run(SuiteRunner.java:364)
at org.testng.SuiteRunnerWorker.runSuite(SuiteRunnerWorker.java:52)
at org.testng.SuiteRunnerWorker.run(SuiteRunnerWorker.java:84)
at org.testng.TestNG.runSuitesSequentially(TestNG.java:1208)
at org.testng.TestNG.runSuitesLocally(TestNG.java:1137)
at org.testng.TestNG.runSuites(TestNG.java:1049)
at org.testng.TestNG.run(TestNG.java:1017)
at org.apache.maven.surefire.testng.TestNGExecutor.run(TestNGExecutor.java:283)
at org.apache.maven.surefire.testng.TestNGXmlTestSuite.execute(TestNGXmlTestSuite.java:75)
at org.apache.maven.surefire.testng.TestNGProvider.invoke(TestNGProvider.java:120)
at org.apache.maven.surefire.booter.ForkedBooter.invokeProviderInSameClassLoader(ForkedBooter.java:373)
at org.apache.maven.surefire.booter.ForkedBooter.runSuitesInProcess(ForkedBooter.java:334)
at org.apache.maven.surefire.booter.ForkedBooter.execute(ForkedBooter.java:119)
at org.apache.maven.surefire.booter.ForkedBooter.main(ForkedBooter.java:407)
]]>
            </full-stacktrace>
          </exception> <!-- java.lang.AssertionError -->
          <reporter-output>
          </reporter-output>
        </test-method> <!-- validateClickOnSupportLinkTest -->
        <test-method status="PASS" signature="tearDown()[pri:0, instance:com.mercury.qa.testcases.LoginPageTest@59f99ea]" name="tearDown" is-config="true" duration-ms="904" started-at="2018-07-29T06:20:19Z" finished-at="2018-07-29T06:20:20Z">
          <reporter-output>
          </reporter-output>
        </test-method> <!-- tearDown -->
        <test-method status="PASS" signature="setup()[pri:0, instance:com.mercury.qa.testcases.LoginPageTest@59f99ea]" name="setup" is-config="true" duration-ms="7028" started-at="2018-07-29T06:20:20Z" finished-at="2018-07-29T06:20:27Z">
          <reporter-output>
          </reporter-output>
        </test-method> <!-- setup -->
        <test-method status="FAIL" signature="validateClickOnSupportLinkTest()[pri:16, instance:com.mercury.qa.testcases.LoginPageTest@59f99ea]" name="validateClickOnSupportLinkTest" duration-ms="828" started-at="2018-07-29T06:20:27Z" finished-at="2018-07-29T06:20:28Z">
          <exception class="java.lang.AssertionError">
            <message>
              <![CDATA[expected [Support: Mercury Tours] but found [Under Construction: Mercury Tours]]]>
            </message>
            <full-stacktrace>
              <![CDATA[java.lang.AssertionError: expected [Support: Mercury Tours] but found [Under Construction: Mercury Tours]
at org.testng.Assert.fail(Assert.java:96)
at org.testng.Assert.failNotEquals(Assert.java:776)
at org.testng.Assert.assertEqualsImpl(Assert.java:137)
at org.testng.Assert.assertEquals(Assert.java:118)
at org.testng.Assert.assertEquals(Assert.java:453)
at org.testng.Assert.assertEquals(Assert.java:463)
at com.mercury.qa.testcases.LoginPageTest.validateClickOnSupportLinkTest(LoginPageTest.java:172)
at sun.reflect.NativeMethodAccessorImpl.invoke0(Native Method)
at sun.reflect.NativeMethodAccessorImpl.invoke(NativeMethodAccessorImpl.java:62)
at sun.reflect.DelegatingMethodAccessorImpl.invoke(DelegatingMethodAccessorImpl.java:43)
at java.lang.reflect.Method.invoke(Method.java:498)
at org.testng.internal.MethodInvocationHelper.invokeMethod(MethodInvocationHelper.java:124)
at org.testng.internal.Invoker.invokeMethod(Invoker.java:583)
at org.testng.internal.Invoker.retryFailed(Invoker.java:839)
at org.testng.internal.Invoker.invokeTestMethods(Invoker.java:1010)
at org.testng.internal.TestMethodWorker.invokeTestMethods(TestMethodWorker.java:125)
at org.testng.internal.TestMethodWorker.run(TestMethodWorker.java:109)
at org.testng.TestRunner.privateRun(TestRunner.java:648)
at org.testng.TestRunner.run(TestRunner.java:505)
at org.testng.SuiteRunner.runTest(SuiteRunner.java:455)
at org.testng.SuiteRunner.runSequentially(SuiteRunner.java:450)
at org.testng.SuiteRunner.privateRun(SuiteRunner.java:415)
at org.testng.SuiteRunner.run(SuiteRunner.java:364)
at org.testng.SuiteRunnerWorker.runSuite(SuiteRunnerWorker.java:52)
at org.testng.SuiteRunnerWorker.run(SuiteRunnerWorker.java:84)
at org.testng.TestNG.runSuitesSequentially(TestNG.java:1208)
at org.testng.TestNG.runSuitesLocally(TestNG.java:1137)
at org.testng.TestNG.runSuites(TestNG.java:1049)
at org.testng.TestNG.run(TestNG.java:1017)
at org.apache.maven.surefire.testng.TestNGExecutor.run(TestNGExecutor.java:283)
at org.apache.maven.surefire.testng.TestNGXmlTestSuite.execute(TestNGXmlTestSuite.java:75)
at org.apache.maven.surefire.testng.TestNGProvider.invoke(TestNGProvider.java:120)
at org.apache.maven.surefire.booter.ForkedBooter.invokeProviderInSameClassLoader(ForkedBooter.java:373)
at org.apache.maven.surefire.booter.ForkedBooter.runSuitesInProcess(ForkedBooter.java:334)
at org.apache.maven.surefire.booter.ForkedBooter.execute(ForkedBooter.java:119)
at org.apache.maven.surefire.booter.ForkedBooter.main(ForkedBooter.java:407)
]]>
            </full-stacktrace>
          </exception> <!-- java.lang.AssertionError -->
          <reporter-output>
          </reporter-output>
        </test-method> <!-- validateClickOnSupportLinkTest -->
        <test-method status="PASS" signature="tearDown()[pri:0, instance:com.mercury.qa.testcases.LoginPageTest@59f99ea]" name="tearDown" is-config="true" duration-ms="1049" started-at="2018-07-29T06:20:28Z" finished-at="2018-07-29T06:20:29Z">
          <reporter-output>
          </reporter-output>
        </test-method> <!-- tearDown -->
        <test-method status="PASS" signature="setup()[pri:0, instance:com.mercury.qa.testcases.LoginPageTest@59f99ea]" name="setup" is-config="true" duration-ms="7846" started-at="2018-07-29T06:20:29Z" finished-at="2018-07-29T06:20:37Z">
          <reporter-output>
          </reporter-output>
        </test-method> <!-- setup -->
        <test-method status="SKIP" signature="validateClickOnContactLinkTest()[pri:17, instance:com.mercury.qa.testcases.LoginPageTest@59f99ea]" name="validateClickOnContactLinkTest" duration-ms="836" started-at="2018-07-29T06:20:37Z" finished-at="2018-07-29T06:20:38Z">
          <exception class="java.lang.AssertionError">
            <message>
              <![CDATA[expected [Contact: Mercury Tours] but found [Under Construction: Mercury Tours]]]>
            </message>
            <full-stacktrace>
              <![CDATA[java.lang.AssertionError: expected [Contact: Mercury Tours] but found [Under Construction: Mercury Tours]
at org.testng.Assert.fail(Assert.java:96)
at org.testng.Assert.failNotEquals(Assert.java:776)
at org.testng.Assert.assertEqualsImpl(Assert.java:137)
at org.testng.Assert.assertEquals(Assert.java:118)
at org.testng.Assert.assertEquals(Assert.java:453)
at org.testng.Assert.assertEquals(Assert.java:463)
at com.mercury.qa.testcases.LoginPageTest.validateClickOnContactLinkTest(LoginPageTest.java:181)
at sun.reflect.NativeMethodAccessorImpl.invoke0(Native Method)
at sun.reflect.NativeMethodAccessorImpl.invoke(NativeMethodAccessorImpl.java:62)
at sun.reflect.DelegatingMethodAccessorImpl.invoke(DelegatingMethodAccessorImpl.java:43)
at java.lang.reflect.Method.invoke(Method.java:498)
at org.testng.internal.MethodInvocationHelper.invokeMethod(MethodInvocationHelper.java:124)
at org.testng.internal.Invoker.invokeMethod(Invoker.java:583)
at org.testng.internal.Invoker.invokeTestMethod(Invoker.java:719)
at org.testng.internal.Invoker.invokeTestMethods(Invoker.java:989)
at org.testng.internal.TestMethodWorker.invokeTestMethods(TestMethodWorker.java:125)
at org.testng.internal.TestMethodWorker.run(TestMethodWorker.java:109)
at org.testng.TestRunner.privateRun(TestRunner.java:648)
at org.testng.TestRunner.run(TestRunner.java:505)
at org.testng.SuiteRunner.runTest(SuiteRunner.java:455)
at org.testng.SuiteRunner.runSequentially(SuiteRunner.java:450)
at org.testng.SuiteRunner.privateRun(SuiteRunner.java:415)
at org.testng.SuiteRunner.run(SuiteRunner.java:364)
at org.testng.SuiteRunnerWorker.runSuite(SuiteRunnerWorker.java:52)
at org.testng.SuiteRunnerWorker.run(SuiteRunnerWorker.java:84)
at org.testng.TestNG.runSuitesSequentially(TestNG.java:1208)
at org.testng.TestNG.runSuitesLocally(TestNG.java:1137)
at org.testng.TestNG.runSuites(TestNG.java:1049)
at org.testng.TestNG.run(TestNG.java:1017)
at org.apache.maven.surefire.testng.TestNGExecutor.run(TestNGExecutor.java:283)
at org.apache.maven.surefire.testng.TestNGXmlTestSuite.execute(TestNGXmlTestSuite.java:75)
at org.apache.maven.surefire.testng.TestNGProvider.invoke(TestNGProvider.java:120)
at org.apache.maven.surefire.booter.ForkedBooter.invokeProviderInSameClassLoader(ForkedBooter.java:373)
at org.apache.maven.surefire.booter.ForkedBooter.runSuitesInProcess(ForkedBooter.java:334)
at org.apache.maven.surefire.booter.ForkedBooter.execute(ForkedBooter.java:119)
at org.apache.maven.surefire.booter.ForkedBooter.main(ForkedBooter.java:407)
]]>
            </full-stacktrace>
          </exception> <!-- java.lang.AssertionError -->
          <reporter-output>
          </reporter-output>
        </test-method> <!-- validateClickOnContactLinkTest -->
        <test-method status="PASS" signature="tearDown()[pri:0, instance:com.mercury.qa.testcases.LoginPageTest@59f99ea]" name="tearDown" is-config="true" duration-ms="1113" started-at="2018-07-29T06:20:38Z" finished-at="2018-07-29T06:20:39Z">
          <reporter-output>
          </reporter-output>
        </test-method> <!-- tearDown -->
        <test-method status="PASS" signature="setup()[pri:0, instance:com.mercury.qa.testcases.LoginPageTest@59f99ea]" name="setup" is-config="true" duration-ms="7201" started-at="2018-07-29T06:20:39Z" finished-at="2018-07-29T06:20:46Z">
          <reporter-output>
          </reporter-output>
        </test-method> <!-- setup -->
        <test-method status="SKIP" signature="validateClickOnContactLinkTest()[pri:17, instance:com.mercury.qa.testcases.LoginPageTest@59f99ea]" name="validateClickOnContactLinkTest" duration-ms="814" started-at="2018-07-29T06:20:46Z" finished-at="2018-07-29T06:20:47Z">
          <exception class="java.lang.AssertionError">
            <message>
              <![CDATA[expected [Contact: Mercury Tours] but found [Under Construction: Mercury Tours]]]>
            </message>
            <full-stacktrace>
              <![CDATA[java.lang.AssertionError: expected [Contact: Mercury Tours] but found [Under Construction: Mercury Tours]
at org.testng.Assert.fail(Assert.java:96)
at org.testng.Assert.failNotEquals(Assert.java:776)
at org.testng.Assert.assertEqualsImpl(Assert.java:137)
at org.testng.Assert.assertEquals(Assert.java:118)
at org.testng.Assert.assertEquals(Assert.java:453)
at org.testng.Assert.assertEquals(Assert.java:463)
at com.mercury.qa.testcases.LoginPageTest.validateClickOnContactLinkTest(LoginPageTest.java:181)
at sun.reflect.NativeMethodAccessorImpl.invoke0(Native Method)
at sun.reflect.NativeMethodAccessorImpl.invoke(NativeMethodAccessorImpl.java:62)
at sun.reflect.DelegatingMethodAccessorImpl.invoke(DelegatingMethodAccessorImpl.java:43)
at java.lang.reflect.Method.invoke(Method.java:498)
at org.testng.internal.MethodInvocationHelper.invokeMethod(MethodInvocationHelper.java:124)
at org.testng.internal.Invoker.invokeMethod(Invoker.java:583)
at org.testng.internal.Invoker.retryFailed(Invoker.java:839)
at org.testng.internal.Invoker.invokeTestMethods(Invoker.java:1010)
at org.testng.internal.TestMethodWorker.invokeTestMethods(TestMethodWorker.java:125)
at org.testng.internal.TestMethodWorker.run(TestMethodWorker.java:109)
at org.testng.TestRunner.privateRun(TestRunner.java:648)
at org.testng.TestRunner.run(TestRunner.java:505)
at org.testng.SuiteRunner.runTest(SuiteRunner.java:455)
at org.testng.SuiteRunner.runSequentially(SuiteRunner.java:450)
at org.testng.SuiteRunner.privateRun(SuiteRunner.java:415)
at org.testng.SuiteRunner.run(SuiteRunner.java:364)
at org.testng.SuiteRunnerWorker.runSuite(SuiteRunnerWorker.java:52)
at org.testng.SuiteRunnerWorker.run(SuiteRunnerWorker.java:84)
at org.testng.TestNG.runSuitesSequentially(TestNG.java:1208)
at org.testng.TestNG.runSuitesLocally(TestNG.java:1137)
at org.testng.TestNG.runSuites(TestNG.java:1049)
at org.testng.TestNG.run(TestNG.java:1017)
at org.apache.maven.surefire.testng.TestNGExecutor.run(TestNGExecutor.java:283)
at org.apache.maven.surefire.testng.TestNGXmlTestSuite.execute(TestNGXmlTestSuite.java:75)
at org.apache.maven.surefire.testng.TestNGProvider.invoke(TestNGProvider.java:120)
at org.apache.maven.surefire.booter.ForkedBooter.invokeProviderInSameClassLoader(ForkedBooter.java:373)
at org.apache.maven.surefire.booter.ForkedBooter.runSuitesInProcess(ForkedBooter.java:334)
at org.apache.maven.surefire.booter.ForkedBooter.execute(ForkedBooter.java:119)
at org.apache.maven.surefire.booter.ForkedBooter.main(ForkedBooter.java:407)
]]>
            </full-stacktrace>
          </exception> <!-- java.lang.AssertionError -->
          <reporter-output>
          </reporter-output>
        </test-method> <!-- validateClickOnContactLinkTest -->
        <test-method status="PASS" signature="tearDown()[pri:0, instance:com.mercury.qa.testcases.LoginPageTest@59f99ea]" name="tearDown" is-config="true" duration-ms="732" started-at="2018-07-29T06:20:47Z" finished-at="2018-07-29T06:20:48Z">
          <reporter-output>
          </reporter-output>
        </test-method> <!-- tearDown -->
        <test-method status="PASS" signature="setup()[pri:0, instance:com.mercury.qa.testcases.LoginPageTest@59f99ea]" name="setup" is-config="true" duration-ms="6442" started-at="2018-07-29T06:20:48Z" finished-at="2018-07-29T06:20:54Z">
          <reporter-output>
          </reporter-output>
        </test-method> <!-- setup -->
        <test-method status="SKIP" signature="validateClickOnContactLinkTest()[pri:17, instance:com.mercury.qa.testcases.LoginPageTest@59f99ea]" name="validateClickOnContactLinkTest" duration-ms="865" started-at="2018-07-29T06:20:54Z" finished-at="2018-07-29T06:20:55Z">
          <exception class="java.lang.AssertionError">
            <message>
              <![CDATA[expected [Contact: Mercury Tours] but found [Under Construction: Mercury Tours]]]>
            </message>
            <full-stacktrace>
              <![CDATA[java.lang.AssertionError: expected [Contact: Mercury Tours] but found [Under Construction: Mercury Tours]
at org.testng.Assert.fail(Assert.java:96)
at org.testng.Assert.failNotEquals(Assert.java:776)
at org.testng.Assert.assertEqualsImpl(Assert.java:137)
at org.testng.Assert.assertEquals(Assert.java:118)
at org.testng.Assert.assertEquals(Assert.java:453)
at org.testng.Assert.assertEquals(Assert.java:463)
at com.mercury.qa.testcases.LoginPageTest.validateClickOnContactLinkTest(LoginPageTest.java:181)
at sun.reflect.NativeMethodAccessorImpl.invoke0(Native Method)
at sun.reflect.NativeMethodAccessorImpl.invoke(NativeMethodAccessorImpl.java:62)
at sun.reflect.DelegatingMethodAccessorImpl.invoke(DelegatingMethodAccessorImpl.java:43)
at java.lang.reflect.Method.invoke(Method.java:498)
at org.testng.internal.MethodInvocationHelper.invokeMethod(MethodInvocationHelper.java:124)
at org.testng.internal.Invoker.invokeMethod(Invoker.java:583)
at org.testng.internal.Invoker.retryFailed(Invoker.java:839)
at org.testng.internal.Invoker.invokeTestMethods(Invoker.java:1010)
at org.testng.internal.TestMethodWorker.invokeTestMethods(TestMethodWorker.java:125)
at org.testng.internal.TestMethodWorker.run(TestMethodWorker.java:109)
at org.testng.TestRunner.privateRun(TestRunner.java:648)
at org.testng.TestRunner.run(TestRunner.java:505)
at org.testng.SuiteRunner.runTest(SuiteRunner.java:455)
at org.testng.SuiteRunner.runSequentially(SuiteRunner.java:450)
at org.testng.SuiteRunner.privateRun(SuiteRunner.java:415)
at org.testng.SuiteRunner.run(SuiteRunner.java:364)
at org.testng.SuiteRunnerWorker.runSuite(SuiteRunnerWorker.java:52)
at org.testng.SuiteRunnerWorker.run(SuiteRunnerWorker.java:84)
at org.testng.TestNG.runSuitesSequentially(TestNG.java:1208)
at org.testng.TestNG.runSuitesLocally(TestNG.java:1137)
at org.testng.TestNG.runSuites(TestNG.java:1049)
at org.testng.TestNG.run(TestNG.java:1017)
at org.apache.maven.surefire.testng.TestNGExecutor.run(TestNGExecutor.java:283)
at org.apache.maven.surefire.testng.TestNGXmlTestSuite.execute(TestNGXmlTestSuite.java:75)
at org.apache.maven.surefire.testng.TestNGProvider.invoke(TestNGProvider.java:120)
at org.apache.maven.surefire.booter.ForkedBooter.invokeProviderInSameClassLoader(ForkedBooter.java:373)
at org.apache.maven.surefire.booter.ForkedBooter.runSuitesInProcess(ForkedBooter.java:334)
at org.apache.maven.surefire.booter.ForkedBooter.execute(ForkedBooter.java:119)
at org.apache.maven.surefire.booter.ForkedBooter.main(ForkedBooter.java:407)
]]>
            </full-stacktrace>
          </exception> <!-- java.lang.AssertionError -->
          <reporter-output>
          </reporter-output>
        </test-method> <!-- validateClickOnContactLinkTest -->
        <test-method status="PASS" signature="tearDown()[pri:0, instance:com.mercury.qa.testcases.LoginPageTest@59f99ea]" name="tearDown" is-config="true" duration-ms="746" started-at="2018-07-29T06:20:55Z" finished-at="2018-07-29T06:20:56Z">
          <reporter-output>
          </reporter-output>
        </test-method> <!-- tearDown -->
        <test-method status="PASS" signature="setup()[pri:0, instance:com.mercury.qa.testcases.LoginPageTest@59f99ea]" name="setup" is-config="true" duration-ms="6404" started-at="2018-07-29T06:20:56Z" finished-at="2018-07-29T06:21:02Z">
          <reporter-output>
          </reporter-output>
        </test-method> <!-- setup -->
        <test-method status="FAIL" signature="validateClickOnContactLinkTest()[pri:17, instance:com.mercury.qa.testcases.LoginPageTest@59f99ea]" name="validateClickOnContactLinkTest" duration-ms="1103" started-at="2018-07-29T06:21:02Z" finished-at="2018-07-29T06:21:03Z">
          <exception class="java.lang.AssertionError">
            <message>
              <![CDATA[expected [Contact: Mercury Tours] but found [Under Construction: Mercury Tours]]]>
            </message>
            <full-stacktrace>
              <![CDATA[java.lang.AssertionError: expected [Contact: Mercury Tours] but found [Under Construction: Mercury Tours]
at org.testng.Assert.fail(Assert.java:96)
at org.testng.Assert.failNotEquals(Assert.java:776)
at org.testng.Assert.assertEqualsImpl(Assert.java:137)
at org.testng.Assert.assertEquals(Assert.java:118)
at org.testng.Assert.assertEquals(Assert.java:453)
at org.testng.Assert.assertEquals(Assert.java:463)
at com.mercury.qa.testcases.LoginPageTest.validateClickOnContactLinkTest(LoginPageTest.java:181)
at sun.reflect.NativeMethodAccessorImpl.invoke0(Native Method)
at sun.reflect.NativeMethodAccessorImpl.invoke(NativeMethodAccessorImpl.java:62)
at sun.reflect.DelegatingMethodAccessorImpl.invoke(DelegatingMethodAccessorImpl.java:43)
at java.lang.reflect.Method.invoke(Method.java:498)
at org.testng.internal.MethodInvocationHelper.invokeMethod(MethodInvocationHelper.java:124)
at org.testng.internal.Invoker.invokeMethod(Invoker.java:583)
at org.testng.internal.Invoker.retryFailed(Invoker.java:839)
at org.testng.internal.Invoker.invokeTestMethods(Invoker.java:1010)
at org.testng.internal.TestMethodWorker.invokeTestMethods(TestMethodWorker.java:125)
at org.testng.internal.TestMethodWorker.run(TestMethodWorker.java:109)
at org.testng.TestRunner.privateRun(TestRunner.java:648)
at org.testng.TestRunner.run(TestRunner.java:505)
at org.testng.SuiteRunner.runTest(SuiteRunner.java:455)
at org.testng.SuiteRunner.runSequentially(SuiteRunner.java:450)
at org.testng.SuiteRunner.privateRun(SuiteRunner.java:415)
at org.testng.SuiteRunner.run(SuiteRunner.java:364)
at org.testng.SuiteRunnerWorker.runSuite(SuiteRunnerWorker.java:52)
at org.testng.SuiteRunnerWorker.run(SuiteRunnerWorker.java:84)
at org.testng.TestNG.runSuitesSequentially(TestNG.java:1208)
at org.testng.TestNG.runSuitesLocally(TestNG.java:1137)
at org.testng.TestNG.runSuites(TestNG.java:1049)
at org.testng.TestNG.run(TestNG.java:1017)
at org.apache.maven.surefire.testng.TestNGExecutor.run(TestNGExecutor.java:283)
at org.apache.maven.surefire.testng.TestNGXmlTestSuite.execute(TestNGXmlTestSuite.java:75)
at org.apache.maven.surefire.testng.TestNGProvider.invoke(TestNGProvider.java:120)
at org.apache.maven.surefire.booter.ForkedBooter.invokeProviderInSameClassLoader(ForkedBooter.java:373)
at org.apache.maven.surefire.booter.ForkedBooter.runSuitesInProcess(ForkedBooter.java:334)
at org.apache.maven.surefire.booter.ForkedBooter.execute(ForkedBooter.java:119)
at org.apache.maven.surefire.booter.ForkedBooter.main(ForkedBooter.java:407)
]]>
            </full-stacktrace>
          </exception> <!-- java.lang.AssertionError -->
          <reporter-output>
          </reporter-output>
        </test-method> <!-- validateClickOnContactLinkTest -->
        <test-method status="PASS" signature="tearDown()[pri:0, instance:com.mercury.qa.testcases.LoginPageTest@59f99ea]" name="tearDown" is-config="true" duration-ms="773" started-at="2018-07-29T06:21:03Z" finished-at="2018-07-29T06:21:04Z">
          <reporter-output>
          </reporter-output>
        </test-method> <!-- tearDown -->
        <test-method status="PASS" signature="setup()[pri:0, instance:com.mercury.qa.testcases.LoginPageTest@59f99ea]" name="setup" is-config="true" duration-ms="6866" started-at="2018-07-29T06:21:05Z" finished-at="2018-07-29T06:21:12Z">
          <reporter-output>
          </reporter-output>
        </test-method> <!-- setup -->
        <test-method status="PASS" signature="validateInvalidLoginTest(java.lang.String, java.lang.String)[pri:18, instance:com.mercury.qa.testcases.LoginPageTest@59f99ea]" name="validateInvalidLoginTest" duration-ms="1881" started-at="2018-07-29T06:21:12Z" data-provider="invalidtestdata" finished-at="2018-07-29T06:21:14Z">
          <params>
            <param index="0">
              <value>
                <![CDATA[Arun]]>
              </value>
            </param>
            <param index="1">
              <value>
                <![CDATA[Mammen]]>
              </value>
            </param>
          </params>
          <reporter-output>
          </reporter-output>
        </test-method> <!-- validateInvalidLoginTest -->
        <test-method status="PASS" signature="tearDown()[pri:0, instance:com.mercury.qa.testcases.LoginPageTest@59f99ea]" name="tearDown" is-config="true" duration-ms="699" started-at="2018-07-29T06:21:14Z" finished-at="2018-07-29T06:21:14Z">
          <reporter-output>
          </reporter-output>
        </test-method> <!-- tearDown -->
        <test-method status="PASS" signature="setup()[pri:0, instance:com.mercury.qa.testcases.LoginPageTest@59f99ea]" name="setup" is-config="true" duration-ms="7667" started-at="2018-07-29T06:21:14Z" finished-at="2018-07-29T06:21:22Z">
          <reporter-output>
          </reporter-output>
        </test-method> <!-- setup -->
        <test-method status="PASS" signature="validateInvalidLoginTest(java.lang.String, java.lang.String)[pri:18, instance:com.mercury.qa.testcases.LoginPageTest@59f99ea]" name="validateInvalidLoginTest" duration-ms="1765" started-at="2018-07-29T06:21:22Z" data-provider="invalidtestdata" finished-at="2018-07-29T06:21:24Z">
          <params>
            <param index="0">
              <value>
                <![CDATA[Leena]]>
              </value>
            </param>
            <param index="1">
              <value>
                <![CDATA[Mathew]]>
              </value>
            </param>
          </params>
          <reporter-output>
          </reporter-output>
        </test-method> <!-- validateInvalidLoginTest -->
        <test-method status="PASS" signature="tearDown()[pri:0, instance:com.mercury.qa.testcases.LoginPageTest@59f99ea]" name="tearDown" is-config="true" duration-ms="720" started-at="2018-07-29T06:21:24Z" finished-at="2018-07-29T06:21:25Z">
          <reporter-output>
          </reporter-output>
        </test-method> <!-- tearDown -->
        <test-method status="PASS" signature="setup()[pri:0, instance:com.mercury.qa.testcases.LoginPageTest@59f99ea]" name="setup" is-config="true" duration-ms="6414" started-at="2018-07-29T06:21:25Z" finished-at="2018-07-29T06:21:31Z">
          <reporter-output>
          </reporter-output>
        </test-method> <!-- setup -->
        <test-method status="PASS" signature="validateInvalidLoginTest(java.lang.String, java.lang.String)[pri:18, instance:com.mercury.qa.testcases.LoginPageTest@59f99ea]" name="validateInvalidLoginTest" duration-ms="2059" started-at="2018-07-29T06:21:31Z" data-provider="invalidtestdata" finished-at="2018-07-29T06:21:33Z">
          <params>
            <param index="0">
              <value>
                <![CDATA[admin]]>
              </value>
            </param>
            <param index="1">
              <value>
                <![CDATA[admin]]>
              </value>
            </param>
          </params>
          <reporter-output>
          </reporter-output>
        </test-method> <!-- validateInvalidLoginTest -->
        <test-method status="PASS" signature="tearDown()[pri:0, instance:com.mercury.qa.testcases.LoginPageTest@59f99ea]" name="tearDown" is-config="true" duration-ms="751" started-at="2018-07-29T06:21:33Z" finished-at="2018-07-29T06:21:34Z">
          <reporter-output>
          </reporter-output>
        </test-method> <!-- tearDown -->
        <test-method status="PASS" signature="setup()[pri:0, instance:com.mercury.qa.testcases.LoginPageTest@59f99ea]" name="setup" is-config="true" duration-ms="7115" started-at="2018-07-29T06:21:34Z" finished-at="2018-07-29T06:21:41Z">
          <reporter-output>
          </reporter-output>
        </test-method> <!-- setup -->
        <test-method status="PASS" signature="validateValidLoginTest(java.lang.String, java.lang.String)[pri:19, instance:com.mercury.qa.testcases.LoginPageTest@59f99ea]" name="validateValidLoginTest" duration-ms="4212" started-at="2018-07-29T06:21:41Z" data-provider="validtestdata" finished-at="2018-07-29T06:21:45Z">
          <params>
            <param index="0">
              <value>
                <![CDATA[mercury]]>
              </value>
            </param>
            <param index="1">
              <value>
                <![CDATA[mercury]]>
              </value>
            </param>
          </params>
          <reporter-output>
          </reporter-output>
        </test-method> <!-- validateValidLoginTest -->
        <test-method status="PASS" signature="tearDown()[pri:0, instance:com.mercury.qa.testcases.LoginPageTest@59f99ea]" name="tearDown" is-config="true" duration-ms="744" started-at="2018-07-29T06:21:45Z" finished-at="2018-07-29T06:21:46Z">
          <reporter-output>
          </reporter-output>
        </test-method> <!-- tearDown -->
      </class> <!-- com.mercury.qa.testcases.LoginPageTest -->
      <class name="com.mercury.qa.testcases.FlightFinderTest">
        <test-method status="PASS" signature="setup()[pri:0, instance:com.mercury.qa.testcases.FlightFinderTest@27efef64]" name="setup" is-config="true" duration-ms="11269" started-at="2018-07-29T06:21:46Z" finished-at="2018-07-29T06:21:57Z">
          <reporter-output>
          </reporter-output>
        </test-method> <!-- setup -->
        <test-method status="PASS" signature="validateFlightFinderTest()[pri:20, instance:com.mercury.qa.testcases.FlightFinderTest@27efef64]" name="validateFlightFinderTest" duration-ms="3968" started-at="2018-07-29T06:21:57Z" finished-at="2018-07-29T06:22:01Z">
          <reporter-output>
          </reporter-output>
        </test-method> <!-- validateFlightFinderTest -->
        <test-method status="PASS" signature="tearDown()[pri:0, instance:com.mercury.qa.testcases.FlightFinderTest@27efef64]" name="tearDown" is-config="true" duration-ms="754" started-at="2018-07-29T06:22:01Z" finished-at="2018-07-29T06:22:02Z">
          <reporter-output>
          </reporter-output>
        </test-method> <!-- tearDown -->
      </class> <!-- com.mercury.qa.testcases.FlightFinderTest -->
      <class name="com.mercury.qa.testcases.SelectFlightTest">
        <test-method status="PASS" signature="setup()[pri:0, instance:com.mercury.qa.testcases.SelectFlightTest@6f7fd0e6]" name="setup" is-config="true" duration-ms="15190" started-at="2018-07-29T06:22:02Z" finished-at="2018-07-29T06:22:17Z">
          <reporter-output>
          </reporter-output>
        </test-method> <!-- setup -->
        <test-method status="PASS" signature="validateDepartReturnFlightSelection()[pri:21, instance:com.mercury.qa.testcases.SelectFlightTest@6f7fd0e6]" name="validateDepartReturnFlightSelection" duration-ms="1637" started-at="2018-07-29T06:22:17Z" finished-at="2018-07-29T06:22:19Z">
          <reporter-output>
          </reporter-output>
        </test-method> <!-- validateDepartReturnFlightSelection -->
        <test-method status="PASS" signature="teardown()[pri:0, instance:com.mercury.qa.testcases.SelectFlightTest@6f7fd0e6]" name="teardown" is-config="true" duration-ms="712" started-at="2018-07-29T06:22:19Z" finished-at="2018-07-29T06:22:20Z">
          <reporter-output>
          </reporter-output>
        </test-method> <!-- teardown -->
      </class> <!-- com.mercury.qa.testcases.SelectFlightTest -->
    </test> <!-- Mercury Tours testcases -->
  </suite> <!-- Merury Tours Automation Test suite -->
</testng-results>
