<!DOCTYPE html PUBLIC "-//W3C//DTD XHTML 1.1//EN" "http://www.w3.org/TR/xhtml11/DTD/xhtml11.dtd">
<html xmlns="http://www.w3.org/1999/xhtml">
<head>
<meta http-equiv="content-type" content="text/html; charset=UTF-8"/>
<title>TestNG Report</title>
<style type="text/css">table {margin-bottom:10px;border-collapse:collapse;empty-cells:show}th,td {border:1px solid #009;padding:.25em .5em}th {vertical-align:bottom}td {vertical-align:top}table a {font-weight:bold}.stripe td {background-color: #E6EBF9}.num {text-align:right}.passedodd td {background-color: #3F3}.passedeven td {background-color: #0A0}.skippedodd td {background-color: #DDD}.skippedeven td {background-color: #CCC}.failedodd td,.attn {background-color: #F33}.failedeven td,.stripe .attn {background-color: #D00}.stacktrace {white-space:pre;font-family:monospace}.totop {font-size:85%;text-align:center;border-bottom:2px solid #000}.invisible {display:none}</style>
</head>
<body>
<table>
<tr><th>Test</th><th># Passed</th><th># Skipped</th><th># Failed</th><th>Time (ms)</th><th>Included Groups</th><th>Excluded Groups</th></tr>
<tr><th colspan="7">Default suite</th></tr>
<tr><td><a href="#t0">Default test</a></td><td class="num">19</td><td class="num">0</td><td class="num attn">2</td><td class="num">195,290</td><td></td><td></td></tr>
</table>
<table id='summary'><thead><tr><th>Class</th><th>Method</th><th>Start</th><th>Time (ms)</th></tr></thead><tbody><tr><th colspan="4">Default suite</th></tr></tbody><tbody id="t0"><tr><th colspan="4">Default test &#8212; failed</th></tr><tr class="failedeven"><td rowspan="2">com.mercury.qa.testcases.LoginPageTest</td><td><a href="#m0">validateClickOnContactLinkTest</a></td><td rowspan="1">1532165742720</td><td rowspan="1">1145</td></tr><tr class="failedeven"><td><a href="#m1">validateClickOnSupportLinkTest</a></td><td rowspan="1">1532165733883</td><td rowspan="1">981</td></tr><tr><th colspan="4">Default test &#8212; passed</th></tr><tr class="passedeven"><td rowspan="19">com.mercury.qa.testcases.LoginPageTest</td><td><a href="#m2">validateCarRentalsLinkPresentTest</a></td><td rowspan="1">1532165673059</td><td rowspan="1">51</td></tr><tr class="passedeven"><td><a href="#m3">validateClickOnRegisterLinkTest</a></td><td rowspan="1">1532165724096</td><td rowspan="1">1423</td></tr><tr class="passedeven"><td><a href="#m4">validateClickOnSignInLinkTest</a></td><td rowspan="1">1532165714779</td><td rowspan="1">930</td></tr><tr class="passedeven"><td><a href="#m5">validateContactLinkPresentTest</a></td><td rowspan="1">1532165639729</td><td rowspan="1">41</td></tr><tr class="passedeven"><td><a href="#m6">validateCruisesLinkPresentTest</a></td><td rowspan="1">1532165681380</td><td rowspan="1">56</td></tr><tr class="passedeven"><td><a href="#m7">validateDestinationsLinkPresentTest</a></td><td rowspan="1">1532165689860</td><td rowspan="1">54</td></tr><tr class="passedeven"><td><a href="#m8">validateFlightsLinkPresentTest</a></td><td rowspan="1">1532165656651</td><td rowspan="1">57</td></tr><tr class="passedeven"><td><a href="#m9">validateHomeLinkPresentTest</a></td><td rowspan="1">1532165647593</td><td rowspan="1">53</td></tr><tr class="passedeven"><td><a href="#m10">validateHotelsLinkPresentTest</a></td><td rowspan="1">1532165665150</td><td rowspan="1">42</td></tr><tr class="passedeven"><td><a href="#m11">validateInvalidLoginTest</a></td><td rowspan="3">1532165753530</td><td rowspan="3">2420</td></tr><tr class="passedeven"><td><a href="#m12">validateInvalidLoginTest</a></td></tr><tr class="passedeven"><td><a href="#m13">validateInvalidLoginTest</a></td></tr><tr class="passedeven"><td><a href="#m14">validateLogoPresentTest</a></td><td rowspan="1">1532165706867</td><td rowspan="1">50</td></tr><tr class="passedeven"><td><a href="#m15">validateRegisterLinkPresentTest</a></td><td rowspan="1">1532165623766</td><td rowspan="1">52</td></tr><tr class="passedeven"><td><a href="#m16">validateSignInLinkPresentTest</a></td><td rowspan="1">1532165615289</td><td rowspan="1">53</td></tr><tr class="passedeven"><td><a href="#m17">validateSupportLinkPresentTest</a></td><td rowspan="1">1532165631844</td><td rowspan="1">51</td></tr><tr class="passedeven"><td><a href="#m18">validateTitleTest</a></td><td rowspan="1">1532165607526</td><td rowspan="1">17</td></tr><tr class="passedeven"><td><a href="#m19">validateVacationsLinkPresentTest</a></td><td rowspan="1">1532165698254</td><td rowspan="1">53</td></tr><tr class="passedeven"><td><a href="#m20">validateValidLoginTest</a></td><td rowspan="1">1532165789208</td><td rowspan="1">4636</td></tr></tbody>
</table>
<h2>Default test</h2><h3 id="m0">com.mercury.qa.testcases.LoginPageTest#validateClickOnContactLinkTest</h3><table class="result"><tr><th>Exception</th></tr><tr><td><div class="stacktrace">java.lang.AssertionError: expected [Contact: Mercury Tours] but found [Under Construction: Mercury Tours]
	at org.testng.Assert.fail(Assert.java:96)
	at org.testng.Assert.failNotEquals(Assert.java:776)
	at org.testng.Assert.assertEqualsImpl(Assert.java:137)
	at org.testng.Assert.assertEquals(Assert.java:118)
	at org.testng.Assert.assertEquals(Assert.java:453)
	at org.testng.Assert.assertEquals(Assert.java:463)
	at com.mercury.qa.testcases.LoginPageTest.validateClickOnContactLinkTest(LoginPageTest.java:181)
	at sun.reflect.NativeMethodAccessorImpl.invoke0(Native Method)
	at sun.reflect.NativeMethodAccessorImpl.invoke(Unknown Source)
	at sun.reflect.DelegatingMethodAccessorImpl.invoke(Unknown Source)
	at java.lang.reflect.Method.invoke(Unknown Source)
	at org.testng.internal.MethodInvocationHelper.invokeMethod(MethodInvocationHelper.java:124)
	at org.testng.internal.Invoker.invokeMethod(Invoker.java:583)
	at org.testng.internal.Invoker.invokeTestMethod(Invoker.java:719)
	at org.testng.internal.Invoker.invokeTestMethods(Invoker.java:989)
	at org.testng.internal.TestMethodWorker.invokeTestMethods(TestMethodWorker.java:125)
	at org.testng.internal.TestMethodWorker.run(TestMethodWorker.java:109)
	at org.testng.TestRunner.privateRun(TestRunner.java:648)
	at org.testng.TestRunner.run(TestRunner.java:505)
	at org.testng.SuiteRunner.runTest(SuiteRunner.java:455)
	at org.testng.SuiteRunner.runSequentially(SuiteRunner.java:450)
	at org.testng.SuiteRunner.privateRun(SuiteRunner.java:415)
	at org.testng.SuiteRunner.run(SuiteRunner.java:364)
	at org.testng.SuiteRunnerWorker.runSuite(SuiteRunnerWorker.java:52)
	at org.testng.SuiteRunnerWorker.run(SuiteRunnerWorker.java:84)
	at org.testng.TestNG.runSuitesSequentially(TestNG.java:1208)
	at org.testng.TestNG.runSuitesLocally(TestNG.java:1137)
	at org.testng.TestNG.runSuites(TestNG.java:1049)
	at org.testng.TestNG.run(TestNG.java:1017)
	at org.testng.remote.AbstractRemoteTestNG.run(AbstractRemoteTestNG.java:114)
	at org.testng.remote.RemoteTestNG.initAndRun(RemoteTestNG.java:251)
	at org.testng.remote.RemoteTestNG.main(RemoteTestNG.java:77)
</div></td></tr></table><p class="totop"><a href="#summary">back to summary</a></p>
<h3 id="m1">com.mercury.qa.testcases.LoginPageTest#validateClickOnSupportLinkTest</h3><table class="result"><tr><th>Exception</th></tr><tr><td><div class="stacktrace">java.lang.AssertionError: expected [Support: Mercury Tours] but found [Under Construction: Mercury Tours]
	at org.testng.Assert.fail(Assert.java:96)
	at org.testng.Assert.failNotEquals(Assert.java:776)
	at org.testng.Assert.assertEqualsImpl(Assert.java:137)
	at org.testng.Assert.assertEquals(Assert.java:118)
	at org.testng.Assert.assertEquals(Assert.java:453)
	at org.testng.Assert.assertEquals(Assert.java:463)
	at com.mercury.qa.testcases.LoginPageTest.validateClickOnSupportLinkTest(LoginPageTest.java:172)
	at sun.reflect.NativeMethodAccessorImpl.invoke0(Native Method)
	at sun.reflect.NativeMethodAccessorImpl.invoke(Unknown Source)
	at sun.reflect.DelegatingMethodAccessorImpl.invoke(Unknown Source)
	at java.lang.reflect.Method.invoke(Unknown Source)
	at org.testng.internal.MethodInvocationHelper.invokeMethod(MethodInvocationHelper.java:124)
	at org.testng.internal.Invoker.invokeMethod(Invoker.java:583)
	at org.testng.internal.Invoker.invokeTestMethod(Invoker.java:719)
	at org.testng.internal.Invoker.invokeTestMethods(Invoker.java:989)
	at org.testng.internal.TestMethodWorker.invokeTestMethods(TestMethodWorker.java:125)
	at org.testng.internal.TestMethodWorker.run(TestMethodWorker.java:109)
	at org.testng.TestRunner.privateRun(TestRunner.java:648)
	at org.testng.TestRunner.run(TestRunner.java:505)
	at org.testng.SuiteRunner.runTest(SuiteRunner.java:455)
	at org.testng.SuiteRunner.runSequentially(SuiteRunner.java:450)
	at org.testng.SuiteRunner.privateRun(SuiteRunner.java:415)
	at org.testng.SuiteRunner.run(SuiteRunner.java:364)
	at org.testng.SuiteRunnerWorker.runSuite(SuiteRunnerWorker.java:52)
	at org.testng.SuiteRunnerWorker.run(SuiteRunnerWorker.java:84)
	at org.testng.TestNG.runSuitesSequentially(TestNG.java:1208)
	at org.testng.TestNG.runSuitesLocally(TestNG.java:1137)
	at org.testng.TestNG.runSuites(TestNG.java:1049)
	at org.testng.TestNG.run(TestNG.java:1017)
	at org.testng.remote.AbstractRemoteTestNG.run(AbstractRemoteTestNG.java:114)
	at org.testng.remote.RemoteTestNG.initAndRun(RemoteTestNG.java:251)
	at org.testng.remote.RemoteTestNG.main(RemoteTestNG.java:77)
</div></td></tr></table><p class="totop"><a href="#summary">back to summary</a></p>
<h3 id="m2">com.mercury.qa.testcases.LoginPageTest#validateCarRentalsLinkPresentTest</h3><table class="result"><tr><th class="invisible"/></tr></table><p class="totop"><a href="#summary">back to summary</a></p>
<h3 id="m3">com.mercury.qa.testcases.LoginPageTest#validateClickOnRegisterLinkTest</h3><table class="result"><tr><th class="invisible"/></tr></table><p class="totop"><a href="#summary">back to summary</a></p>
<h3 id="m4">com.mercury.qa.testcases.LoginPageTest#validateClickOnSignInLinkTest</h3><table class="result"><tr><th class="invisible"/></tr></table><p class="totop"><a href="#summary">back to summary</a></p>
<h3 id="m5">com.mercury.qa.testcases.LoginPageTest#validateContactLinkPresentTest</h3><table class="result"><tr><th class="invisible"/></tr></table><p class="totop"><a href="#summary">back to summary</a></p>
<h3 id="m6">com.mercury.qa.testcases.LoginPageTest#validateCruisesLinkPresentTest</h3><table class="result"><tr><th class="invisible"/></tr></table><p class="totop"><a href="#summary">back to summary</a></p>
<h3 id="m7">com.mercury.qa.testcases.LoginPageTest#validateDestinationsLinkPresentTest</h3><table class="result"><tr><th class="invisible"/></tr></table><p class="totop"><a href="#summary">back to summary</a></p>
<h3 id="m8">com.mercury.qa.testcases.LoginPageTest#validateFlightsLinkPresentTest</h3><table class="result"><tr><th class="invisible"/></tr></table><p class="totop"><a href="#summary">back to summary</a></p>
<h3 id="m9">com.mercury.qa.testcases.LoginPageTest#validateHomeLinkPresentTest</h3><table class="result"><tr><th class="invisible"/></tr></table><p class="totop"><a href="#summary">back to summary</a></p>
<h3 id="m10">com.mercury.qa.testcases.LoginPageTest#validateHotelsLinkPresentTest</h3><table class="result"><tr><th class="invisible"/></tr></table><p class="totop"><a href="#summary">back to summary</a></p>
<h3 id="m11">com.mercury.qa.testcases.LoginPageTest#validateInvalidLoginTest</h3><table class="result"><tr class="param"><th>Parameter #1</th><th>Parameter #2</th></tr><tr class="param stripe"><td>Arun</td><td>Mammen</td></tr></table><p class="totop"><a href="#summary">back to summary</a></p>
<h3 id="m12">com.mercury.qa.testcases.LoginPageTest#validateInvalidLoginTest</h3><table class="result"><tr class="param"><th>Parameter #1</th><th>Parameter #2</th></tr><tr class="param stripe"><td>Leena</td><td>Mathew</td></tr></table><p class="totop"><a href="#summary">back to summary</a></p>
<h3 id="m13">com.mercury.qa.testcases.LoginPageTest#validateInvalidLoginTest</h3><table class="result"><tr class="param"><th>Parameter #1</th><th>Parameter #2</th></tr><tr class="param stripe"><td>admin</td><td>admin</td></tr></table><p class="totop"><a href="#summary">back to summary</a></p>
<h3 id="m14">com.mercury.qa.testcases.LoginPageTest#validateLogoPresentTest</h3><table class="result"><tr><th class="invisible"/></tr></table><p class="totop"><a href="#summary">back to summary</a></p>
<h3 id="m15">com.mercury.qa.testcases.LoginPageTest#validateRegisterLinkPresentTest</h3><table class="result"><tr><th class="invisible"/></tr></table><p class="totop"><a href="#summary">back to summary</a></p>
<h3 id="m16">com.mercury.qa.testcases.LoginPageTest#validateSignInLinkPresentTest</h3><table class="result"><tr><th class="invisible"/></tr></table><p class="totop"><a href="#summary">back to summary</a></p>
<h3 id="m17">com.mercury.qa.testcases.LoginPageTest#validateSupportLinkPresentTest</h3><table class="result"><tr><th class="invisible"/></tr></table><p class="totop"><a href="#summary">back to summary</a></p>
<h3 id="m18">com.mercury.qa.testcases.LoginPageTest#validateTitleTest</h3><table class="result"><tr><th class="invisible"/></tr></table><p class="totop"><a href="#summary">back to summary</a></p>
<h3 id="m19">com.mercury.qa.testcases.LoginPageTest#validateVacationsLinkPresentTest</h3><table class="result"><tr><th class="invisible"/></tr></table><p class="totop"><a href="#summary">back to summary</a></p>
<h3 id="m20">com.mercury.qa.testcases.LoginPageTest#validateValidLoginTest</h3><table class="result"><tr class="param"><th>Parameter #1</th><th>Parameter #2</th></tr><tr class="param stripe"><td>mercury</td><td>mercury</td></tr></table><p class="totop"><a href="#summary">back to summary</a></p>
</body>
</html>
