<?xml version="1.0" encoding="UTF-8"?>
<testng-results skipped="6" failed="2" ignored="0" total="31" passed="23">
  <reporter-output>
  </reporter-output>
  <suite name="Merury Tours Automation Test suite" duration-ms="309410" started-at="2018-07-28T17:37:01Z" finished-at="2018-07-28T17:42:11Z">
    <groups>
    </groups>
    <test name="Mercury Tours testcases" duration-ms="309410" started-at="2018-07-28T17:37:01Z" finished-at="2018-07-28T17:42:11Z">
      <class name="com.mercury.qa.testcases.BookFlightTest">
        <test-method status="PASS" signature="setup()[pri:0, instance:com.mercury.qa.testcases.BookFlightTest@23e028a9]" name="setup" is-config="true" duration-ms="16495" started-at="2018-07-28T17:41:27Z" finished-at="2018-07-28T17:41:44Z">
          <reporter-output>
          </reporter-output>
        </test-method> <!-- setup -->
        <test-method status="PASS" signature="validateSummaryTest()[pri:22, instance:com.mercury.qa.testcases.BookFlightTest@23e028a9]" name="validateSummaryTest" duration-ms="700" started-at="2018-07-28T17:41:44Z" finished-at="2018-07-28T17:41:45Z">
          <reporter-output>
          </reporter-output>
        </test-method> <!-- validateSummaryTest -->
        <test-method status="PASS" signature="tearDown()[pri:0, instance:com.mercury.qa.testcases.BookFlightTest@23e028a9]" name="tearDown" is-config="true" duration-ms="840" started-at="2018-07-28T17:41:45Z" finished-at="2018-07-28T17:41:45Z">
          <reporter-output>
          </reporter-output>
        </test-method> <!-- tearDown -->
        <test-method status="PASS" signature="setup()[pri:0, instance:com.mercury.qa.testcases.BookFlightTest@23e028a9]" name="setup" is-config="true" duration-ms="20308" started-at="2018-07-28T17:41:45Z" finished-at="2018-07-28T17:42:06Z">
          <reporter-output>
          </reporter-output>
        </test-method> <!-- setup -->
        <test-method status="PASS" signature="validateFlightBookingTest()[pri:23, instance:com.mercury.qa.testcases.BookFlightTest@23e028a9]" name="validateFlightBookingTest" duration-ms="4188" started-at="2018-07-28T17:42:06Z" finished-at="2018-07-28T17:42:10Z">
          <reporter-output>
          </reporter-output>
        </test-method> <!-- validateFlightBookingTest -->
        <test-method status="PASS" signature="tearDown()[pri:0, instance:com.mercury.qa.testcases.BookFlightTest@23e028a9]" name="tearDown" is-config="true" duration-ms="866" started-at="2018-07-28T17:42:10Z" finished-at="2018-07-28T17:42:11Z">
          <reporter-output>
          </reporter-output>
        </test-method> <!-- tearDown -->
      </class> <!-- com.mercury.qa.testcases.BookFlightTest -->
      <class name="com.mercury.qa.testcases.LoginPageTest">
        <test-method status="PASS" signature="setup()[pri:0, instance:com.mercury.qa.testcases.LoginPageTest@6e0e048a]" name="setup" is-config="true" duration-ms="15351" started-at="2018-07-28T17:37:01Z" finished-at="2018-07-28T17:37:17Z">
          <reporter-output>
          </reporter-output>
        </test-method> <!-- setup -->
        <test-method status="PASS" signature="validateTitleTest()[pri:1, instance:com.mercury.qa.testcases.LoginPageTest@6e0e048a]" name="validateTitleTest" duration-ms="18" started-at="2018-07-28T17:37:17Z" finished-at="2018-07-28T17:37:17Z">
          <reporter-output>
          </reporter-output>
        </test-method> <!-- validateTitleTest -->
        <test-method status="PASS" signature="tearDown()[pri:0, instance:com.mercury.qa.testcases.LoginPageTest@6e0e048a]" name="tearDown" is-config="true" duration-ms="1091" started-at="2018-07-28T17:37:17Z" finished-at="2018-07-28T17:37:18Z">
          <reporter-output>
          </reporter-output>
        </test-method> <!-- tearDown -->
        <test-method status="PASS" signature="setup()[pri:0, instance:com.mercury.qa.testcases.LoginPageTest@6e0e048a]" name="setup" is-config="true" duration-ms="8543" started-at="2018-07-28T17:37:18Z" finished-at="2018-07-28T17:37:26Z">
          <reporter-output>
          </reporter-output>
        </test-method> <!-- setup -->
        <test-method status="PASS" signature="validateSignInLinkPresentTest()[pri:2, instance:com.mercury.qa.testcases.LoginPageTest@6e0e048a]" name="validateSignInLinkPresentTest" duration-ms="68" started-at="2018-07-28T17:37:26Z" finished-at="2018-07-28T17:37:27Z">
          <reporter-output>
          </reporter-output>
        </test-method> <!-- validateSignInLinkPresentTest -->
        <test-method status="PASS" signature="tearDown()[pri:0, instance:com.mercury.qa.testcases.LoginPageTest@6e0e048a]" name="tearDown" is-config="true" duration-ms="980" started-at="2018-07-28T17:37:27Z" finished-at="2018-07-28T17:37:27Z">
          <reporter-output>
          </reporter-output>
        </test-method> <!-- tearDown -->
        <test-method status="PASS" signature="setup()[pri:0, instance:com.mercury.qa.testcases.LoginPageTest@6e0e048a]" name="setup" is-config="true" duration-ms="7649" started-at="2018-07-28T17:37:27Z" finished-at="2018-07-28T17:37:35Z">
          <reporter-output>
          </reporter-output>
        </test-method> <!-- setup -->
        <test-method status="PASS" signature="validateRegisterLinkPresentTest()[pri:3, instance:com.mercury.qa.testcases.LoginPageTest@6e0e048a]" name="validateRegisterLinkPresentTest" duration-ms="54" started-at="2018-07-28T17:37:35Z" finished-at="2018-07-28T17:37:35Z">
          <reporter-output>
          </reporter-output>
        </test-method> <!-- validateRegisterLinkPresentTest -->
        <test-method status="PASS" signature="tearDown()[pri:0, instance:com.mercury.qa.testcases.LoginPageTest@6e0e048a]" name="tearDown" is-config="true" duration-ms="818" started-at="2018-07-28T17:37:35Z" finished-at="2018-07-28T17:37:36Z">
          <reporter-output>
          </reporter-output>
        </test-method> <!-- tearDown -->
        <test-method status="PASS" signature="setup()[pri:0, instance:com.mercury.qa.testcases.LoginPageTest@6e0e048a]" name="setup" is-config="true" duration-ms="7330" started-at="2018-07-28T17:37:36Z" finished-at="2018-07-28T17:37:43Z">
          <reporter-output>
          </reporter-output>
        </test-method> <!-- setup -->
        <test-method status="PASS" signature="validateSupportLinkPresentTest()[pri:4, instance:com.mercury.qa.testcases.LoginPageTest@6e0e048a]" name="validateSupportLinkPresentTest" duration-ms="44" started-at="2018-07-28T17:37:43Z" finished-at="2018-07-28T17:37:43Z">
          <reporter-output>
          </reporter-output>
        </test-method> <!-- validateSupportLinkPresentTest -->
        <test-method status="PASS" signature="tearDown()[pri:0, instance:com.mercury.qa.testcases.LoginPageTest@6e0e048a]" name="tearDown" is-config="true" duration-ms="862" started-at="2018-07-28T17:37:43Z" finished-at="2018-07-28T17:37:44Z">
          <reporter-output>
          </reporter-output>
        </test-method> <!-- tearDown -->
        <test-method status="PASS" signature="setup()[pri:0, instance:com.mercury.qa.testcases.LoginPageTest@6e0e048a]" name="setup" is-config="true" duration-ms="7256" started-at="2018-07-28T17:37:44Z" finished-at="2018-07-28T17:37:52Z">
          <reporter-output>
          </reporter-output>
        </test-method> <!-- setup -->
        <test-method status="PASS" signature="validateContactLinkPresentTest()[pri:5, instance:com.mercury.qa.testcases.LoginPageTest@6e0e048a]" name="validateContactLinkPresentTest" duration-ms="58" started-at="2018-07-28T17:37:52Z" finished-at="2018-07-28T17:37:52Z">
          <reporter-output>
          </reporter-output>
        </test-method> <!-- validateContactLinkPresentTest -->
        <test-method status="PASS" signature="tearDown()[pri:0, instance:com.mercury.qa.testcases.LoginPageTest@6e0e048a]" name="tearDown" is-config="true" duration-ms="761" started-at="2018-07-28T17:37:52Z" finished-at="2018-07-28T17:37:52Z">
          <reporter-output>
          </reporter-output>
        </test-method> <!-- tearDown -->
        <test-method status="PASS" signature="setup()[pri:0, instance:com.mercury.qa.testcases.LoginPageTest@6e0e048a]" name="setup" is-config="true" duration-ms="7826" started-at="2018-07-28T17:37:52Z" finished-at="2018-07-28T17:38:00Z">
          <reporter-output>
          </reporter-output>
        </test-method> <!-- setup -->
        <test-method status="PASS" signature="validateHomeLinkPresentTest()[pri:6, instance:com.mercury.qa.testcases.LoginPageTest@6e0e048a]" name="validateHomeLinkPresentTest" duration-ms="53" started-at="2018-07-28T17:38:00Z" finished-at="2018-07-28T17:38:00Z">
          <reporter-output>
          </reporter-output>
        </test-method> <!-- validateHomeLinkPresentTest -->
        <test-method status="PASS" signature="tearDown()[pri:0, instance:com.mercury.qa.testcases.LoginPageTest@6e0e048a]" name="tearDown" is-config="true" duration-ms="733" started-at="2018-07-28T17:38:00Z" finished-at="2018-07-28T17:38:01Z">
          <reporter-output>
          </reporter-output>
        </test-method> <!-- tearDown -->
        <test-method status="PASS" signature="setup()[pri:0, instance:com.mercury.qa.testcases.LoginPageTest@6e0e048a]" name="setup" is-config="true" duration-ms="7406" started-at="2018-07-28T17:38:01Z" finished-at="2018-07-28T17:38:08Z">
          <reporter-output>
          </reporter-output>
        </test-method> <!-- setup -->
        <test-method status="PASS" signature="validateFlightsLinkPresentTest()[pri:7, instance:com.mercury.qa.testcases.LoginPageTest@6e0e048a]" name="validateFlightsLinkPresentTest" duration-ms="58" started-at="2018-07-28T17:38:08Z" finished-at="2018-07-28T17:38:08Z">
          <reporter-output>
          </reporter-output>
        </test-method> <!-- validateFlightsLinkPresentTest -->
        <test-method status="PASS" signature="tearDown()[pri:0, instance:com.mercury.qa.testcases.LoginPageTest@6e0e048a]" name="tearDown" is-config="true" duration-ms="762" started-at="2018-07-28T17:38:08Z" finished-at="2018-07-28T17:38:09Z">
          <reporter-output>
          </reporter-output>
        </test-method> <!-- tearDown -->
        <test-method status="PASS" signature="setup()[pri:0, instance:com.mercury.qa.testcases.LoginPageTest@6e0e048a]" name="setup" is-config="true" duration-ms="7562" started-at="2018-07-28T17:38:09Z" finished-at="2018-07-28T17:38:17Z">
          <reporter-output>
          </reporter-output>
        </test-method> <!-- setup -->
        <test-method status="PASS" signature="validateHotelsLinkPresentTest()[pri:8, instance:com.mercury.qa.testcases.LoginPageTest@6e0e048a]" name="validateHotelsLinkPresentTest" duration-ms="52" started-at="2018-07-28T17:38:17Z" finished-at="2018-07-28T17:38:17Z">
          <reporter-output>
          </reporter-output>
        </test-method> <!-- validateHotelsLinkPresentTest -->
        <test-method status="PASS" signature="tearDown()[pri:0, instance:com.mercury.qa.testcases.LoginPageTest@6e0e048a]" name="tearDown" is-config="true" duration-ms="737" started-at="2018-07-28T17:38:17Z" finished-at="2018-07-28T17:38:18Z">
          <reporter-output>
          </reporter-output>
        </test-method> <!-- tearDown -->
        <test-method status="PASS" signature="setup()[pri:0, instance:com.mercury.qa.testcases.LoginPageTest@6e0e048a]" name="setup" is-config="true" duration-ms="7460" started-at="2018-07-28T17:38:18Z" finished-at="2018-07-28T17:38:25Z">
          <reporter-output>
          </reporter-output>
        </test-method> <!-- setup -->
        <test-method status="PASS" signature="validateCarRentalsLinkPresentTest()[pri:9, instance:com.mercury.qa.testcases.LoginPageTest@6e0e048a]" name="validateCarRentalsLinkPresentTest" duration-ms="57" started-at="2018-07-28T17:38:25Z" finished-at="2018-07-28T17:38:25Z">
          <reporter-output>
          </reporter-output>
        </test-method> <!-- validateCarRentalsLinkPresentTest -->
        <test-method status="PASS" signature="tearDown()[pri:0, instance:com.mercury.qa.testcases.LoginPageTest@6e0e048a]" name="tearDown" is-config="true" duration-ms="808" started-at="2018-07-28T17:38:25Z" finished-at="2018-07-28T17:38:26Z">
          <reporter-output>
          </reporter-output>
        </test-method> <!-- tearDown -->
        <test-method status="PASS" signature="setup()[pri:0, instance:com.mercury.qa.testcases.LoginPageTest@6e0e048a]" name="setup" is-config="true" duration-ms="5816" started-at="2018-07-28T17:38:26Z" finished-at="2018-07-28T17:38:32Z">
          <reporter-output>
          </reporter-output>
        </test-method> <!-- setup -->
        <test-method status="PASS" signature="validateCruisesLinkPresentTest()[pri:10, instance:com.mercury.qa.testcases.LoginPageTest@6e0e048a]" name="validateCruisesLinkPresentTest" duration-ms="52" started-at="2018-07-28T17:38:32Z" finished-at="2018-07-28T17:38:32Z">
          <reporter-output>
          </reporter-output>
        </test-method> <!-- validateCruisesLinkPresentTest -->
        <test-method status="PASS" signature="tearDown()[pri:0, instance:com.mercury.qa.testcases.LoginPageTest@6e0e048a]" name="tearDown" is-config="true" duration-ms="747" started-at="2018-07-28T17:38:32Z" finished-at="2018-07-28T17:38:32Z">
          <reporter-output>
          </reporter-output>
        </test-method> <!-- tearDown -->
        <test-method status="PASS" signature="setup()[pri:0, instance:com.mercury.qa.testcases.LoginPageTest@6e0e048a]" name="setup" is-config="true" duration-ms="6080" started-at="2018-07-28T17:38:32Z" finished-at="2018-07-28T17:38:39Z">
          <reporter-output>
          </reporter-output>
        </test-method> <!-- setup -->
        <test-method status="PASS" signature="validateDestinationsLinkPresentTest()[pri:11, instance:com.mercury.qa.testcases.LoginPageTest@6e0e048a]" name="validateDestinationsLinkPresentTest" duration-ms="51" started-at="2018-07-28T17:38:39Z" finished-at="2018-07-28T17:38:39Z">
          <reporter-output>
          </reporter-output>
        </test-method> <!-- validateDestinationsLinkPresentTest -->
        <test-method status="PASS" signature="tearDown()[pri:0, instance:com.mercury.qa.testcases.LoginPageTest@6e0e048a]" name="tearDown" is-config="true" duration-ms="760" started-at="2018-07-28T17:38:39Z" finished-at="2018-07-28T17:38:39Z">
          <reporter-output>
          </reporter-output>
        </test-method> <!-- tearDown -->
        <test-method status="PASS" signature="setup()[pri:0, instance:com.mercury.qa.testcases.LoginPageTest@6e0e048a]" name="setup" is-config="true" duration-ms="7123" started-at="2018-07-28T17:38:39Z" finished-at="2018-07-28T17:38:46Z">
          <reporter-output>
          </reporter-output>
        </test-method> <!-- setup -->
        <test-method status="PASS" signature="validateVacationsLinkPresentTest()[pri:12, instance:com.mercury.qa.testcases.LoginPageTest@6e0e048a]" name="validateVacationsLinkPresentTest" duration-ms="57" started-at="2018-07-28T17:38:46Z" finished-at="2018-07-28T17:38:47Z">
          <reporter-output>
          </reporter-output>
        </test-method> <!-- validateVacationsLinkPresentTest -->
        <test-method status="PASS" signature="tearDown()[pri:0, instance:com.mercury.qa.testcases.LoginPageTest@6e0e048a]" name="tearDown" is-config="true" duration-ms="900" started-at="2018-07-28T17:38:47Z" finished-at="2018-07-28T17:38:47Z">
          <reporter-output>
          </reporter-output>
        </test-method> <!-- tearDown -->
        <test-method status="PASS" signature="setup()[pri:0, instance:com.mercury.qa.testcases.LoginPageTest@6e0e048a]" name="setup" is-config="true" duration-ms="6396" started-at="2018-07-28T17:38:47Z" finished-at="2018-07-28T17:38:54Z">
          <reporter-output>
          </reporter-output>
        </test-method> <!-- setup -->
        <test-method status="PASS" signature="validateLogoPresentTest()[pri:13, instance:com.mercury.qa.testcases.LoginPageTest@6e0e048a]" name="validateLogoPresentTest" duration-ms="48" started-at="2018-07-28T17:38:54Z" finished-at="2018-07-28T17:38:54Z">
          <reporter-output>
          </reporter-output>
        </test-method> <!-- validateLogoPresentTest -->
        <test-method status="PASS" signature="tearDown()[pri:0, instance:com.mercury.qa.testcases.LoginPageTest@6e0e048a]" name="tearDown" is-config="true" duration-ms="745" started-at="2018-07-28T17:38:54Z" finished-at="2018-07-28T17:38:55Z">
          <reporter-output>
          </reporter-output>
        </test-method> <!-- tearDown -->
        <test-method status="PASS" signature="setup()[pri:0, instance:com.mercury.qa.testcases.LoginPageTest@6e0e048a]" name="setup" is-config="true" duration-ms="6554" started-at="2018-07-28T17:38:55Z" finished-at="2018-07-28T17:39:01Z">
          <reporter-output>
          </reporter-output>
        </test-method> <!-- setup -->
        <test-method status="PASS" signature="validateClickOnSignInLinkTest()[pri:14, instance:com.mercury.qa.testcases.LoginPageTest@6e0e048a]" name="validateClickOnSignInLinkTest" duration-ms="789" started-at="2018-07-28T17:39:01Z" finished-at="2018-07-28T17:39:02Z">
          <reporter-output>
          </reporter-output>
        </test-method> <!-- validateClickOnSignInLinkTest -->
        <test-method status="PASS" signature="tearDown()[pri:0, instance:com.mercury.qa.testcases.LoginPageTest@6e0e048a]" name="tearDown" is-config="true" duration-ms="737" started-at="2018-07-28T17:39:02Z" finished-at="2018-07-28T17:39:03Z">
          <reporter-output>
          </reporter-output>
        </test-method> <!-- tearDown -->
        <test-method status="PASS" signature="setup()[pri:0, instance:com.mercury.qa.testcases.LoginPageTest@6e0e048a]" name="setup" is-config="true" duration-ms="6425" started-at="2018-07-28T17:39:03Z" finished-at="2018-07-28T17:39:09Z">
          <reporter-output>
          </reporter-output>
        </test-method> <!-- setup -->
        <test-method status="PASS" signature="validateClickOnRegisterLinkTest()[pri:15, instance:com.mercury.qa.testcases.LoginPageTest@6e0e048a]" name="validateClickOnRegisterLinkTest" duration-ms="1086" started-at="2018-07-28T17:39:09Z" finished-at="2018-07-28T17:39:10Z">
          <reporter-output>
          </reporter-output>
        </test-method> <!-- validateClickOnRegisterLinkTest -->
        <test-method status="PASS" signature="tearDown()[pri:0, instance:com.mercury.qa.testcases.LoginPageTest@6e0e048a]" name="tearDown" is-config="true" duration-ms="729" started-at="2018-07-28T17:39:10Z" finished-at="2018-07-28T17:39:11Z">
          <reporter-output>
          </reporter-output>
        </test-method> <!-- tearDown -->
        <test-method status="PASS" signature="setup()[pri:0, instance:com.mercury.qa.testcases.LoginPageTest@6e0e048a]" name="setup" is-config="true" duration-ms="6602" started-at="2018-07-28T17:39:11Z" finished-at="2018-07-28T17:39:18Z">
          <reporter-output>
          </reporter-output>
        </test-method> <!-- setup -->
        <test-method status="SKIP" signature="validateClickOnSupportLinkTest()[pri:16, instance:com.mercury.qa.testcases.LoginPageTest@6e0e048a]" name="validateClickOnSupportLinkTest" duration-ms="824" started-at="2018-07-28T17:39:18Z" finished-at="2018-07-28T17:39:18Z">
          <exception class="java.lang.AssertionError">
            <message>
              <![CDATA[expected [Support: Mercury Tours] but found [Under Construction: Mercury Tours]]]>
            </message>
            <full-stacktrace>
              <![CDATA[java.lang.AssertionError: expected [Support: Mercury Tours] but found [Under Construction: Mercury Tours]
at org.testng.Assert.fail(Assert.java:96)
at org.testng.Assert.failNotEquals(Assert.java:776)
at org.testng.Assert.assertEqualsImpl(Assert.java:137)
at org.testng.Assert.assertEquals(Assert.java:118)
at org.testng.Assert.assertEquals(Assert.java:453)
at org.testng.Assert.assertEquals(Assert.java:463)
at com.mercury.qa.testcases.LoginPageTest.validateClickOnSupportLinkTest(LoginPageTest.java:172)
at sun.reflect.NativeMethodAccessorImpl.invoke0(Native Method)
at sun.reflect.NativeMethodAccessorImpl.invoke(Unknown Source)
at sun.reflect.DelegatingMethodAccessorImpl.invoke(Unknown Source)
at java.lang.reflect.Method.invoke(Unknown Source)
at org.testng.internal.MethodInvocationHelper.invokeMethod(MethodInvocationHelper.java:124)
at org.testng.internal.Invoker.invokeMethod(Invoker.java:583)
at org.testng.internal.Invoker.invokeTestMethod(Invoker.java:719)
at org.testng.internal.Invoker.invokeTestMethods(Invoker.java:989)
at org.testng.internal.TestMethodWorker.invokeTestMethods(TestMethodWorker.java:125)
at org.testng.internal.TestMethodWorker.run(TestMethodWorker.java:109)
at org.testng.TestRunner.privateRun(TestRunner.java:648)
at org.testng.TestRunner.run(TestRunner.java:505)
at org.testng.SuiteRunner.runTest(SuiteRunner.java:455)
at org.testng.SuiteRunner.runSequentially(SuiteRunner.java:450)
at org.testng.SuiteRunner.privateRun(SuiteRunner.java:415)
at org.testng.SuiteRunner.run(SuiteRunner.java:364)
at org.testng.SuiteRunnerWorker.runSuite(SuiteRunnerWorker.java:52)
at org.testng.SuiteRunnerWorker.run(SuiteRunnerWorker.java:84)
at org.testng.TestNG.runSuitesSequentially(TestNG.java:1208)
at org.testng.TestNG.runSuitesLocally(TestNG.java:1137)
at org.testng.TestNG.runSuites(TestNG.java:1049)
at org.testng.TestNG.run(TestNG.java:1017)
at org.testng.remote.AbstractRemoteTestNG.run(AbstractRemoteTestNG.java:114)
at org.testng.remote.RemoteTestNG.initAndRun(RemoteTestNG.java:251)
at org.testng.remote.RemoteTestNG.main(RemoteTestNG.java:77)
]]>
            </full-stacktrace>
          </exception> <!-- java.lang.AssertionError -->
          <reporter-output>
          </reporter-output>
        </test-method> <!-- validateClickOnSupportLinkTest -->
        <test-method status="PASS" signature="tearDown()[pri:0, instance:com.mercury.qa.testcases.LoginPageTest@6e0e048a]" name="tearDown" is-config="true" duration-ms="745" started-at="2018-07-28T17:39:18Z" finished-at="2018-07-28T17:39:19Z">
          <reporter-output>
          </reporter-output>
        </test-method> <!-- tearDown -->
        <test-method status="PASS" signature="setup()[pri:0, instance:com.mercury.qa.testcases.LoginPageTest@6e0e048a]" name="setup" is-config="true" duration-ms="6523" started-at="2018-07-28T17:39:19Z" finished-at="2018-07-28T17:39:26Z">
          <reporter-output>
          </reporter-output>
        </test-method> <!-- setup -->
        <test-method status="SKIP" signature="validateClickOnSupportLinkTest()[pri:16, instance:com.mercury.qa.testcases.LoginPageTest@6e0e048a]" name="validateClickOnSupportLinkTest" duration-ms="799" started-at="2018-07-28T17:39:26Z" finished-at="2018-07-28T17:39:26Z">
          <exception class="java.lang.AssertionError">
            <message>
              <![CDATA[expected [Support: Mercury Tours] but found [Under Construction: Mercury Tours]]]>
            </message>
            <full-stacktrace>
              <![CDATA[java.lang.AssertionError: expected [Support: Mercury Tours] but found [Under Construction: Mercury Tours]
at org.testng.Assert.fail(Assert.java:96)
at org.testng.Assert.failNotEquals(Assert.java:776)
at org.testng.Assert.assertEqualsImpl(Assert.java:137)
at org.testng.Assert.assertEquals(Assert.java:118)
at org.testng.Assert.assertEquals(Assert.java:453)
at org.testng.Assert.assertEquals(Assert.java:463)
at com.mercury.qa.testcases.LoginPageTest.validateClickOnSupportLinkTest(LoginPageTest.java:172)
at sun.reflect.NativeMethodAccessorImpl.invoke0(Native Method)
at sun.reflect.NativeMethodAccessorImpl.invoke(Unknown Source)
at sun.reflect.DelegatingMethodAccessorImpl.invoke(Unknown Source)
at java.lang.reflect.Method.invoke(Unknown Source)
at org.testng.internal.MethodInvocationHelper.invokeMethod(MethodInvocationHelper.java:124)
at org.testng.internal.Invoker.invokeMethod(Invoker.java:583)
at org.testng.internal.Invoker.retryFailed(Invoker.java:839)
at org.testng.internal.Invoker.invokeTestMethods(Invoker.java:1010)
at org.testng.internal.TestMethodWorker.invokeTestMethods(TestMethodWorker.java:125)
at org.testng.internal.TestMethodWorker.run(TestMethodWorker.java:109)
at org.testng.TestRunner.privateRun(TestRunner.java:648)
at org.testng.TestRunner.run(TestRunner.java:505)
at org.testng.SuiteRunner.runTest(SuiteRunner.java:455)
at org.testng.SuiteRunner.runSequentially(SuiteRunner.java:450)
at org.testng.SuiteRunner.privateRun(SuiteRunner.java:415)
at org.testng.SuiteRunner.run(SuiteRunner.java:364)
at org.testng.SuiteRunnerWorker.runSuite(SuiteRunnerWorker.java:52)
at org.testng.SuiteRunnerWorker.run(SuiteRunnerWorker.java:84)
at org.testng.TestNG.runSuitesSequentially(TestNG.java:1208)
at org.testng.TestNG.runSuitesLocally(TestNG.java:1137)
at org.testng.TestNG.runSuites(TestNG.java:1049)
at org.testng.TestNG.run(TestNG.java:1017)
at org.testng.remote.AbstractRemoteTestNG.run(AbstractRemoteTestNG.java:114)
at org.testng.remote.RemoteTestNG.initAndRun(RemoteTestNG.java:251)
at org.testng.remote.RemoteTestNG.main(RemoteTestNG.java:77)
]]>
            </full-stacktrace>
          </exception> <!-- java.lang.AssertionError -->
          <reporter-output>
          </reporter-output>
        </test-method> <!-- validateClickOnSupportLinkTest -->
        <test-method status="PASS" signature="tearDown()[pri:0, instance:com.mercury.qa.testcases.LoginPageTest@6e0e048a]" name="tearDown" is-config="true" duration-ms="794" started-at="2018-07-28T17:39:26Z" finished-at="2018-07-28T17:39:27Z">
          <reporter-output>
          </reporter-output>
        </test-method> <!-- tearDown -->
        <test-method status="PASS" signature="setup()[pri:0, instance:com.mercury.qa.testcases.LoginPageTest@6e0e048a]" name="setup" is-config="true" duration-ms="6276" started-at="2018-07-28T17:39:27Z" finished-at="2018-07-28T17:39:34Z">
          <reporter-output>
          </reporter-output>
        </test-method> <!-- setup -->
        <test-method status="SKIP" signature="validateClickOnSupportLinkTest()[pri:16, instance:com.mercury.qa.testcases.LoginPageTest@6e0e048a]" name="validateClickOnSupportLinkTest" duration-ms="775" started-at="2018-07-28T17:39:34Z" finished-at="2018-07-28T17:39:34Z">
          <exception class="java.lang.AssertionError">
            <message>
              <![CDATA[expected [Support: Mercury Tours] but found [Under Construction: Mercury Tours]]]>
            </message>
            <full-stacktrace>
              <![CDATA[java.lang.AssertionError: expected [Support: Mercury Tours] but found [Under Construction: Mercury Tours]
at org.testng.Assert.fail(Assert.java:96)
at org.testng.Assert.failNotEquals(Assert.java:776)
at org.testng.Assert.assertEqualsImpl(Assert.java:137)
at org.testng.Assert.assertEquals(Assert.java:118)
at org.testng.Assert.assertEquals(Assert.java:453)
at org.testng.Assert.assertEquals(Assert.java:463)
at com.mercury.qa.testcases.LoginPageTest.validateClickOnSupportLinkTest(LoginPageTest.java:172)
at sun.reflect.NativeMethodAccessorImpl.invoke0(Native Method)
at sun.reflect.NativeMethodAccessorImpl.invoke(Unknown Source)
at sun.reflect.DelegatingMethodAccessorImpl.invoke(Unknown Source)
at java.lang.reflect.Method.invoke(Unknown Source)
at org.testng.internal.MethodInvocationHelper.invokeMethod(MethodInvocationHelper.java:124)
at org.testng.internal.Invoker.invokeMethod(Invoker.java:583)
at org.testng.internal.Invoker.retryFailed(Invoker.java:839)
at org.testng.internal.Invoker.invokeTestMethods(Invoker.java:1010)
at org.testng.internal.TestMethodWorker.invokeTestMethods(TestMethodWorker.java:125)
at org.testng.internal.TestMethodWorker.run(TestMethodWorker.java:109)
at org.testng.TestRunner.privateRun(TestRunner.java:648)
at org.testng.TestRunner.run(TestRunner.java:505)
at org.testng.SuiteRunner.runTest(SuiteRunner.java:455)
at org.testng.SuiteRunner.runSequentially(SuiteRunner.java:450)
at org.testng.SuiteRunner.privateRun(SuiteRunner.java:415)
at org.testng.SuiteRunner.run(SuiteRunner.java:364)
at org.testng.SuiteRunnerWorker.runSuite(SuiteRunnerWorker.java:52)
at org.testng.SuiteRunnerWorker.run(SuiteRunnerWorker.java:84)
at org.testng.TestNG.runSuitesSequentially(TestNG.java:1208)
at org.testng.TestNG.runSuitesLocally(TestNG.java:1137)
at org.testng.TestNG.runSuites(TestNG.java:1049)
at org.testng.TestNG.run(TestNG.java:1017)
at org.testng.remote.AbstractRemoteTestNG.run(AbstractRemoteTestNG.java:114)
at org.testng.remote.RemoteTestNG.initAndRun(RemoteTestNG.java:251)
at org.testng.remote.RemoteTestNG.main(RemoteTestNG.java:77)
]]>
            </full-stacktrace>
          </exception> <!-- java.lang.AssertionError -->
          <reporter-output>
          </reporter-output>
        </test-method> <!-- validateClickOnSupportLinkTest -->
        <test-method status="PASS" signature="tearDown()[pri:0, instance:com.mercury.qa.testcases.LoginPageTest@6e0e048a]" name="tearDown" is-config="true" duration-ms="899" started-at="2018-07-28T17:39:34Z" finished-at="2018-07-28T17:39:35Z">
          <reporter-output>
          </reporter-output>
        </test-method> <!-- tearDown -->
        <test-method status="PASS" signature="setup()[pri:0, instance:com.mercury.qa.testcases.LoginPageTest@6e0e048a]" name="setup" is-config="true" duration-ms="5903" started-at="2018-07-28T17:39:35Z" finished-at="2018-07-28T17:39:41Z">
          <reporter-output>
          </reporter-output>
        </test-method> <!-- setup -->
        <test-method status="FAIL" signature="validateClickOnSupportLinkTest()[pri:16, instance:com.mercury.qa.testcases.LoginPageTest@6e0e048a]" name="validateClickOnSupportLinkTest" duration-ms="742" started-at="2018-07-28T17:39:41Z" finished-at="2018-07-28T17:39:42Z">
          <exception class="java.lang.AssertionError">
            <message>
              <![CDATA[expected [Support: Mercury Tours] but found [Under Construction: Mercury Tours]]]>
            </message>
            <full-stacktrace>
              <![CDATA[java.lang.AssertionError: expected [Support: Mercury Tours] but found [Under Construction: Mercury Tours]
at org.testng.Assert.fail(Assert.java:96)
at org.testng.Assert.failNotEquals(Assert.java:776)
at org.testng.Assert.assertEqualsImpl(Assert.java:137)
at org.testng.Assert.assertEquals(Assert.java:118)
at org.testng.Assert.assertEquals(Assert.java:453)
at org.testng.Assert.assertEquals(Assert.java:463)
at com.mercury.qa.testcases.LoginPageTest.validateClickOnSupportLinkTest(LoginPageTest.java:172)
at sun.reflect.NativeMethodAccessorImpl.invoke0(Native Method)
at sun.reflect.NativeMethodAccessorImpl.invoke(Unknown Source)
at sun.reflect.DelegatingMethodAccessorImpl.invoke(Unknown Source)
at java.lang.reflect.Method.invoke(Unknown Source)
at org.testng.internal.MethodInvocationHelper.invokeMethod(MethodInvocationHelper.java:124)
at org.testng.internal.Invoker.invokeMethod(Invoker.java:583)
at org.testng.internal.Invoker.retryFailed(Invoker.java:839)
at org.testng.internal.Invoker.invokeTestMethods(Invoker.java:1010)
at org.testng.internal.TestMethodWorker.invokeTestMethods(TestMethodWorker.java:125)
at org.testng.internal.TestMethodWorker.run(TestMethodWorker.java:109)
at org.testng.TestRunner.privateRun(TestRunner.java:648)
at org.testng.TestRunner.run(TestRunner.java:505)
at org.testng.SuiteRunner.runTest(SuiteRunner.java:455)
at org.testng.SuiteRunner.runSequentially(SuiteRunner.java:450)
at org.testng.SuiteRunner.privateRun(SuiteRunner.java:415)
at org.testng.SuiteRunner.run(SuiteRunner.java:364)
at org.testng.SuiteRunnerWorker.runSuite(SuiteRunnerWorker.java:52)
at org.testng.SuiteRunnerWorker.run(SuiteRunnerWorker.java:84)
at org.testng.TestNG.runSuitesSequentially(TestNG.java:1208)
at org.testng.TestNG.runSuitesLocally(TestNG.java:1137)
at org.testng.TestNG.runSuites(TestNG.java:1049)
at org.testng.TestNG.run(TestNG.java:1017)
at org.testng.remote.AbstractRemoteTestNG.run(AbstractRemoteTestNG.java:114)
at org.testng.remote.RemoteTestNG.initAndRun(RemoteTestNG.java:251)
at org.testng.remote.RemoteTestNG.main(RemoteTestNG.java:77)
]]>
            </full-stacktrace>
          </exception> <!-- java.lang.AssertionError -->
          <reporter-output>
          </reporter-output>
        </test-method> <!-- validateClickOnSupportLinkTest -->
        <test-method status="PASS" signature="tearDown()[pri:0, instance:com.mercury.qa.testcases.LoginPageTest@6e0e048a]" name="tearDown" is-config="true" duration-ms="752" started-at="2018-07-28T17:39:42Z" finished-at="2018-07-28T17:39:43Z">
          <reporter-output>
          </reporter-output>
        </test-method> <!-- tearDown -->
        <test-method status="PASS" signature="setup()[pri:0, instance:com.mercury.qa.testcases.LoginPageTest@6e0e048a]" name="setup" is-config="true" duration-ms="5766" started-at="2018-07-28T17:39:43Z" finished-at="2018-07-28T17:39:48Z">
          <reporter-output>
          </reporter-output>
        </test-method> <!-- setup -->
        <test-method status="SKIP" signature="validateClickOnContactLinkTest()[pri:17, instance:com.mercury.qa.testcases.LoginPageTest@6e0e048a]" name="validateClickOnContactLinkTest" duration-ms="749" started-at="2018-07-28T17:39:48Z" finished-at="2018-07-28T17:39:49Z">
          <exception class="java.lang.AssertionError">
            <message>
              <![CDATA[expected [Contact: Mercury Tours] but found [Under Construction: Mercury Tours]]]>
            </message>
            <full-stacktrace>
              <![CDATA[java.lang.AssertionError: expected [Contact: Mercury Tours] but found [Under Construction: Mercury Tours]
at org.testng.Assert.fail(Assert.java:96)
at org.testng.Assert.failNotEquals(Assert.java:776)
at org.testng.Assert.assertEqualsImpl(Assert.java:137)
at org.testng.Assert.assertEquals(Assert.java:118)
at org.testng.Assert.assertEquals(Assert.java:453)
at org.testng.Assert.assertEquals(Assert.java:463)
at com.mercury.qa.testcases.LoginPageTest.validateClickOnContactLinkTest(LoginPageTest.java:181)
at sun.reflect.NativeMethodAccessorImpl.invoke0(Native Method)
at sun.reflect.NativeMethodAccessorImpl.invoke(Unknown Source)
at sun.reflect.DelegatingMethodAccessorImpl.invoke(Unknown Source)
at java.lang.reflect.Method.invoke(Unknown Source)
at org.testng.internal.MethodInvocationHelper.invokeMethod(MethodInvocationHelper.java:124)
at org.testng.internal.Invoker.invokeMethod(Invoker.java:583)
at org.testng.internal.Invoker.invokeTestMethod(Invoker.java:719)
at org.testng.internal.Invoker.invokeTestMethods(Invoker.java:989)
at org.testng.internal.TestMethodWorker.invokeTestMethods(TestMethodWorker.java:125)
at org.testng.internal.TestMethodWorker.run(TestMethodWorker.java:109)
at org.testng.TestRunner.privateRun(TestRunner.java:648)
at org.testng.TestRunner.run(TestRunner.java:505)
at org.testng.SuiteRunner.runTest(SuiteRunner.java:455)
at org.testng.SuiteRunner.runSequentially(SuiteRunner.java:450)
at org.testng.SuiteRunner.privateRun(SuiteRunner.java:415)
at org.testng.SuiteRunner.run(SuiteRunner.java:364)
at org.testng.SuiteRunnerWorker.runSuite(SuiteRunnerWorker.java:52)
at org.testng.SuiteRunnerWorker.run(SuiteRunnerWorker.java:84)
at org.testng.TestNG.runSuitesSequentially(TestNG.java:1208)
at org.testng.TestNG.runSuitesLocally(TestNG.java:1137)
at org.testng.TestNG.runSuites(TestNG.java:1049)
at org.testng.TestNG.run(TestNG.java:1017)
at org.testng.remote.AbstractRemoteTestNG.run(AbstractRemoteTestNG.java:114)
at org.testng.remote.RemoteTestNG.initAndRun(RemoteTestNG.java:251)
at org.testng.remote.RemoteTestNG.main(RemoteTestNG.java:77)
]]>
            </full-stacktrace>
          </exception> <!-- java.lang.AssertionError -->
          <reporter-output>
          </reporter-output>
        </test-method> <!-- validateClickOnContactLinkTest -->
        <test-method status="PASS" signature="tearDown()[pri:0, instance:com.mercury.qa.testcases.LoginPageTest@6e0e048a]" name="tearDown" is-config="true" duration-ms="803" started-at="2018-07-28T17:39:49Z" finished-at="2018-07-28T17:39:50Z">
          <reporter-output>
          </reporter-output>
        </test-method> <!-- tearDown -->
        <test-method status="PASS" signature="setup()[pri:0, instance:com.mercury.qa.testcases.LoginPageTest@6e0e048a]" name="setup" is-config="true" duration-ms="7066" started-at="2018-07-28T17:39:50Z" finished-at="2018-07-28T17:39:57Z">
          <reporter-output>
          </reporter-output>
        </test-method> <!-- setup -->
        <test-method status="SKIP" signature="validateClickOnContactLinkTest()[pri:17, instance:com.mercury.qa.testcases.LoginPageTest@6e0e048a]" name="validateClickOnContactLinkTest" duration-ms="1018" started-at="2018-07-28T17:39:57Z" finished-at="2018-07-28T17:39:58Z">
          <exception class="java.lang.AssertionError">
            <message>
              <![CDATA[expected [Contact: Mercury Tours] but found [Under Construction: Mercury Tours]]]>
            </message>
            <full-stacktrace>
              <![CDATA[java.lang.AssertionError: expected [Contact: Mercury Tours] but found [Under Construction: Mercury Tours]
at org.testng.Assert.fail(Assert.java:96)
at org.testng.Assert.failNotEquals(Assert.java:776)
at org.testng.Assert.assertEqualsImpl(Assert.java:137)
at org.testng.Assert.assertEquals(Assert.java:118)
at org.testng.Assert.assertEquals(Assert.java:453)
at org.testng.Assert.assertEquals(Assert.java:463)
at com.mercury.qa.testcases.LoginPageTest.validateClickOnContactLinkTest(LoginPageTest.java:181)
at sun.reflect.NativeMethodAccessorImpl.invoke0(Native Method)
at sun.reflect.NativeMethodAccessorImpl.invoke(Unknown Source)
at sun.reflect.DelegatingMethodAccessorImpl.invoke(Unknown Source)
at java.lang.reflect.Method.invoke(Unknown Source)
at org.testng.internal.MethodInvocationHelper.invokeMethod(MethodInvocationHelper.java:124)
at org.testng.internal.Invoker.invokeMethod(Invoker.java:583)
at org.testng.internal.Invoker.retryFailed(Invoker.java:839)
at org.testng.internal.Invoker.invokeTestMethods(Invoker.java:1010)
at org.testng.internal.TestMethodWorker.invokeTestMethods(TestMethodWorker.java:125)
at org.testng.internal.TestMethodWorker.run(TestMethodWorker.java:109)
at org.testng.TestRunner.privateRun(TestRunner.java:648)
at org.testng.TestRunner.run(TestRunner.java:505)
at org.testng.SuiteRunner.runTest(SuiteRunner.java:455)
at org.testng.SuiteRunner.runSequentially(SuiteRunner.java:450)
at org.testng.SuiteRunner.privateRun(SuiteRunner.java:415)
at org.testng.SuiteRunner.run(SuiteRunner.java:364)
at org.testng.SuiteRunnerWorker.runSuite(SuiteRunnerWorker.java:52)
at org.testng.SuiteRunnerWorker.run(SuiteRunnerWorker.java:84)
at org.testng.TestNG.runSuitesSequentially(TestNG.java:1208)
at org.testng.TestNG.runSuitesLocally(TestNG.java:1137)
at org.testng.TestNG.runSuites(TestNG.java:1049)
at org.testng.TestNG.run(TestNG.java:1017)
at org.testng.remote.AbstractRemoteTestNG.run(AbstractRemoteTestNG.java:114)
at org.testng.remote.RemoteTestNG.initAndRun(RemoteTestNG.java:251)
at org.testng.remote.RemoteTestNG.main(RemoteTestNG.java:77)
]]>
            </full-stacktrace>
          </exception> <!-- java.lang.AssertionError -->
          <reporter-output>
          </reporter-output>
        </test-method> <!-- validateClickOnContactLinkTest -->
        <test-method status="PASS" signature="tearDown()[pri:0, instance:com.mercury.qa.testcases.LoginPageTest@6e0e048a]" name="tearDown" is-config="true" duration-ms="832" started-at="2018-07-28T17:39:58Z" finished-at="2018-07-28T17:39:59Z">
          <reporter-output>
          </reporter-output>
        </test-method> <!-- tearDown -->
        <test-method status="PASS" signature="setup()[pri:0, instance:com.mercury.qa.testcases.LoginPageTest@6e0e048a]" name="setup" is-config="true" duration-ms="6727" started-at="2018-07-28T17:39:59Z" finished-at="2018-07-28T17:40:06Z">
          <reporter-output>
          </reporter-output>
        </test-method> <!-- setup -->
        <test-method status="SKIP" signature="validateClickOnContactLinkTest()[pri:17, instance:com.mercury.qa.testcases.LoginPageTest@6e0e048a]" name="validateClickOnContactLinkTest" duration-ms="727" started-at="2018-07-28T17:40:06Z" finished-at="2018-07-28T17:40:06Z">
          <exception class="java.lang.AssertionError">
            <message>
              <![CDATA[expected [Contact: Mercury Tours] but found [Under Construction: Mercury Tours]]]>
            </message>
            <full-stacktrace>
              <![CDATA[java.lang.AssertionError: expected [Contact: Mercury Tours] but found [Under Construction: Mercury Tours]
at org.testng.Assert.fail(Assert.java:96)
at org.testng.Assert.failNotEquals(Assert.java:776)
at org.testng.Assert.assertEqualsImpl(Assert.java:137)
at org.testng.Assert.assertEquals(Assert.java:118)
at org.testng.Assert.assertEquals(Assert.java:453)
at org.testng.Assert.assertEquals(Assert.java:463)
at com.mercury.qa.testcases.LoginPageTest.validateClickOnContactLinkTest(LoginPageTest.java:181)
at sun.reflect.NativeMethodAccessorImpl.invoke0(Native Method)
at sun.reflect.NativeMethodAccessorImpl.invoke(Unknown Source)
at sun.reflect.DelegatingMethodAccessorImpl.invoke(Unknown Source)
at java.lang.reflect.Method.invoke(Unknown Source)
at org.testng.internal.MethodInvocationHelper.invokeMethod(MethodInvocationHelper.java:124)
at org.testng.internal.Invoker.invokeMethod(Invoker.java:583)
at org.testng.internal.Invoker.retryFailed(Invoker.java:839)
at org.testng.internal.Invoker.invokeTestMethods(Invoker.java:1010)
at org.testng.internal.TestMethodWorker.invokeTestMethods(TestMethodWorker.java:125)
at org.testng.internal.TestMethodWorker.run(TestMethodWorker.java:109)
at org.testng.TestRunner.privateRun(TestRunner.java:648)
at org.testng.TestRunner.run(TestRunner.java:505)
at org.testng.SuiteRunner.runTest(SuiteRunner.java:455)
at org.testng.SuiteRunner.runSequentially(SuiteRunner.java:450)
at org.testng.SuiteRunner.privateRun(SuiteRunner.java:415)
at org.testng.SuiteRunner.run(SuiteRunner.java:364)
at org.testng.SuiteRunnerWorker.runSuite(SuiteRunnerWorker.java:52)
at org.testng.SuiteRunnerWorker.run(SuiteRunnerWorker.java:84)
at org.testng.TestNG.runSuitesSequentially(TestNG.java:1208)
at org.testng.TestNG.runSuitesLocally(TestNG.java:1137)
at org.testng.TestNG.runSuites(TestNG.java:1049)
at org.testng.TestNG.run(TestNG.java:1017)
at org.testng.remote.AbstractRemoteTestNG.run(AbstractRemoteTestNG.java:114)
at org.testng.remote.RemoteTestNG.initAndRun(RemoteTestNG.java:251)
at org.testng.remote.RemoteTestNG.main(RemoteTestNG.java:77)
]]>
            </full-stacktrace>
          </exception> <!-- java.lang.AssertionError -->
          <reporter-output>
          </reporter-output>
        </test-method> <!-- validateClickOnContactLinkTest -->
        <test-method status="PASS" signature="tearDown()[pri:0, instance:com.mercury.qa.testcases.LoginPageTest@6e0e048a]" name="tearDown" is-config="true" duration-ms="736" started-at="2018-07-28T17:40:06Z" finished-at="2018-07-28T17:40:07Z">
          <reporter-output>
          </reporter-output>
        </test-method> <!-- tearDown -->
        <test-method status="PASS" signature="setup()[pri:0, instance:com.mercury.qa.testcases.LoginPageTest@6e0e048a]" name="setup" is-config="true" duration-ms="6367" started-at="2018-07-28T17:40:07Z" finished-at="2018-07-28T17:40:13Z">
          <reporter-output>
          </reporter-output>
        </test-method> <!-- setup -->
        <test-method status="FAIL" signature="validateClickOnContactLinkTest()[pri:17, instance:com.mercury.qa.testcases.LoginPageTest@6e0e048a]" name="validateClickOnContactLinkTest" duration-ms="743" started-at="2018-07-28T17:40:13Z" finished-at="2018-07-28T17:40:14Z">
          <exception class="java.lang.AssertionError">
            <message>
              <![CDATA[expected [Contact: Mercury Tours] but found [Under Construction: Mercury Tours]]]>
            </message>
            <full-stacktrace>
              <![CDATA[java.lang.AssertionError: expected [Contact: Mercury Tours] but found [Under Construction: Mercury Tours]
at org.testng.Assert.fail(Assert.java:96)
at org.testng.Assert.failNotEquals(Assert.java:776)
at org.testng.Assert.assertEqualsImpl(Assert.java:137)
at org.testng.Assert.assertEquals(Assert.java:118)
at org.testng.Assert.assertEquals(Assert.java:453)
at org.testng.Assert.assertEquals(Assert.java:463)
at com.mercury.qa.testcases.LoginPageTest.validateClickOnContactLinkTest(LoginPageTest.java:181)
at sun.reflect.NativeMethodAccessorImpl.invoke0(Native Method)
at sun.reflect.NativeMethodAccessorImpl.invoke(Unknown Source)
at sun.reflect.DelegatingMethodAccessorImpl.invoke(Unknown Source)
at java.lang.reflect.Method.invoke(Unknown Source)
at org.testng.internal.MethodInvocationHelper.invokeMethod(MethodInvocationHelper.java:124)
at org.testng.internal.Invoker.invokeMethod(Invoker.java:583)
at org.testng.internal.Invoker.retryFailed(Invoker.java:839)
at org.testng.internal.Invoker.invokeTestMethods(Invoker.java:1010)
at org.testng.internal.TestMethodWorker.invokeTestMethods(TestMethodWorker.java:125)
at org.testng.internal.TestMethodWorker.run(TestMethodWorker.java:109)
at org.testng.TestRunner.privateRun(TestRunner.java:648)
at org.testng.TestRunner.run(TestRunner.java:505)
at org.testng.SuiteRunner.runTest(SuiteRunner.java:455)
at org.testng.SuiteRunner.runSequentially(SuiteRunner.java:450)
at org.testng.SuiteRunner.privateRun(SuiteRunner.java:415)
at org.testng.SuiteRunner.run(SuiteRunner.java:364)
at org.testng.SuiteRunnerWorker.runSuite(SuiteRunnerWorker.java:52)
at org.testng.SuiteRunnerWorker.run(SuiteRunnerWorker.java:84)
at org.testng.TestNG.runSuitesSequentially(TestNG.java:1208)
at org.testng.TestNG.runSuitesLocally(TestNG.java:1137)
at org.testng.TestNG.runSuites(TestNG.java:1049)
at org.testng.TestNG.run(TestNG.java:1017)
at org.testng.remote.AbstractRemoteTestNG.run(AbstractRemoteTestNG.java:114)
at org.testng.remote.RemoteTestNG.initAndRun(RemoteTestNG.java:251)
at org.testng.remote.RemoteTestNG.main(RemoteTestNG.java:77)
]]>
            </full-stacktrace>
          </exception> <!-- java.lang.AssertionError -->
          <reporter-output>
          </reporter-output>
        </test-method> <!-- validateClickOnContactLinkTest -->
        <test-method status="PASS" signature="tearDown()[pri:0, instance:com.mercury.qa.testcases.LoginPageTest@6e0e048a]" name="tearDown" is-config="true" duration-ms="790" started-at="2018-07-28T17:40:14Z" finished-at="2018-07-28T17:40:15Z">
          <reporter-output>
          </reporter-output>
        </test-method> <!-- tearDown -->
        <test-method status="PASS" signature="setup()[pri:0, instance:com.mercury.qa.testcases.LoginPageTest@6e0e048a]" name="setup" is-config="true" duration-ms="6011" started-at="2018-07-28T17:40:16Z" finished-at="2018-07-28T17:40:22Z">
          <reporter-output>
          </reporter-output>
        </test-method> <!-- setup -->
        <test-method status="PASS" signature="validateInvalidLoginTest(java.lang.String, java.lang.String)[pri:18, instance:com.mercury.qa.testcases.LoginPageTest@6e0e048a]" name="validateInvalidLoginTest" duration-ms="1738" started-at="2018-07-28T17:40:22Z" data-provider="invalidtestdata" finished-at="2018-07-28T17:40:23Z">
          <params>
            <param index="0">
              <value>
                <![CDATA[Arun]]>
              </value>
            </param>
            <param index="1">
              <value>
                <![CDATA[Mammen]]>
              </value>
            </param>
          </params>
          <reporter-output>
          </reporter-output>
        </test-method> <!-- validateInvalidLoginTest -->
        <test-method status="PASS" signature="tearDown()[pri:0, instance:com.mercury.qa.testcases.LoginPageTest@6e0e048a]" name="tearDown" is-config="true" duration-ms="759" started-at="2018-07-28T17:40:23Z" finished-at="2018-07-28T17:40:24Z">
          <reporter-output>
          </reporter-output>
        </test-method> <!-- tearDown -->
        <test-method status="PASS" signature="setup()[pri:0, instance:com.mercury.qa.testcases.LoginPageTest@6e0e048a]" name="setup" is-config="true" duration-ms="6271" started-at="2018-07-28T17:40:24Z" finished-at="2018-07-28T17:40:30Z">
          <reporter-output>
          </reporter-output>
        </test-method> <!-- setup -->
        <test-method status="PASS" signature="validateInvalidLoginTest(java.lang.String, java.lang.String)[pri:18, instance:com.mercury.qa.testcases.LoginPageTest@6e0e048a]" name="validateInvalidLoginTest" duration-ms="1743" started-at="2018-07-28T17:40:30Z" data-provider="invalidtestdata" finished-at="2018-07-28T17:40:32Z">
          <params>
            <param index="0">
              <value>
                <![CDATA[Leena]]>
              </value>
            </param>
            <param index="1">
              <value>
                <![CDATA[Mathew]]>
              </value>
            </param>
          </params>
          <reporter-output>
          </reporter-output>
        </test-method> <!-- validateInvalidLoginTest -->
        <test-method status="PASS" signature="tearDown()[pri:0, instance:com.mercury.qa.testcases.LoginPageTest@6e0e048a]" name="tearDown" is-config="true" duration-ms="708" started-at="2018-07-28T17:40:32Z" finished-at="2018-07-28T17:40:33Z">
          <reporter-output>
          </reporter-output>
        </test-method> <!-- tearDown -->
        <test-method status="PASS" signature="setup()[pri:0, instance:com.mercury.qa.testcases.LoginPageTest@6e0e048a]" name="setup" is-config="true" duration-ms="6343" started-at="2018-07-28T17:40:33Z" finished-at="2018-07-28T17:40:39Z">
          <reporter-output>
          </reporter-output>
        </test-method> <!-- setup -->
        <test-method status="PASS" signature="validateInvalidLoginTest(java.lang.String, java.lang.String)[pri:18, instance:com.mercury.qa.testcases.LoginPageTest@6e0e048a]" name="validateInvalidLoginTest" duration-ms="1704" started-at="2018-07-28T17:40:39Z" data-provider="invalidtestdata" finished-at="2018-07-28T17:40:41Z">
          <params>
            <param index="0">
              <value>
                <![CDATA[admin]]>
              </value>
            </param>
            <param index="1">
              <value>
                <![CDATA[admin]]>
              </value>
            </param>
          </params>
          <reporter-output>
          </reporter-output>
        </test-method> <!-- validateInvalidLoginTest -->
        <test-method status="PASS" signature="tearDown()[pri:0, instance:com.mercury.qa.testcases.LoginPageTest@6e0e048a]" name="tearDown" is-config="true" duration-ms="736" started-at="2018-07-28T17:40:41Z" finished-at="2018-07-28T17:40:42Z">
          <reporter-output>
          </reporter-output>
        </test-method> <!-- tearDown -->
        <test-method status="PASS" signature="setup()[pri:0, instance:com.mercury.qa.testcases.LoginPageTest@6e0e048a]" name="setup" is-config="true" duration-ms="6241" started-at="2018-07-28T17:40:42Z" finished-at="2018-07-28T17:40:48Z">
          <reporter-output>
          </reporter-output>
        </test-method> <!-- setup -->
        <test-method status="PASS" signature="validateValidLoginTest(java.lang.String, java.lang.String)[pri:19, instance:com.mercury.qa.testcases.LoginPageTest@6e0e048a]" name="validateValidLoginTest" duration-ms="5765" started-at="2018-07-28T17:40:48Z" data-provider="validtestdata" finished-at="2018-07-28T17:40:54Z">
          <params>
            <param index="0">
              <value>
                <![CDATA[mercury]]>
              </value>
            </param>
            <param index="1">
              <value>
                <![CDATA[mercury]]>
              </value>
            </param>
          </params>
          <reporter-output>
          </reporter-output>
        </test-method> <!-- validateValidLoginTest -->
        <test-method status="PASS" signature="tearDown()[pri:0, instance:com.mercury.qa.testcases.LoginPageTest@6e0e048a]" name="tearDown" is-config="true" duration-ms="720" started-at="2018-07-28T17:40:54Z" finished-at="2018-07-28T17:40:54Z">
          <reporter-output>
          </reporter-output>
        </test-method> <!-- tearDown -->
      </class> <!-- com.mercury.qa.testcases.LoginPageTest -->
      <class name="com.mercury.qa.testcases.FlightFinderTest">
        <test-method status="PASS" signature="setup()[pri:0, instance:com.mercury.qa.testcases.FlightFinderTest@5bc79255]" name="setup" is-config="true" duration-ms="11630" started-at="2018-07-28T17:40:54Z" finished-at="2018-07-28T17:41:06Z">
          <reporter-output>
          </reporter-output>
        </test-method> <!-- setup -->
        <test-method status="PASS" signature="validateFlightFinderTest()[pri:20, instance:com.mercury.qa.testcases.FlightFinderTest@5bc79255]" name="validateFlightFinderTest" duration-ms="3887" started-at="2018-07-28T17:41:06Z" finished-at="2018-07-28T17:41:10Z">
          <reporter-output>
          </reporter-output>
        </test-method> <!-- validateFlightFinderTest -->
        <test-method status="PASS" signature="tearDown()[pri:0, instance:com.mercury.qa.testcases.FlightFinderTest@5bc79255]" name="tearDown" is-config="true" duration-ms="723" started-at="2018-07-28T17:41:10Z" finished-at="2018-07-28T17:41:11Z">
          <reporter-output>
          </reporter-output>
        </test-method> <!-- tearDown -->
      </class> <!-- com.mercury.qa.testcases.FlightFinderTest -->
      <class name="com.mercury.qa.testcases.SelectFlightTest">
        <test-method status="PASS" signature="setup()[pri:0, instance:com.mercury.qa.testcases.SelectFlightTest@47ef968d]" name="setup" is-config="true" duration-ms="14279" started-at="2018-07-28T17:41:11Z" finished-at="2018-07-28T17:41:25Z">
          <reporter-output>
          </reporter-output>
        </test-method> <!-- setup -->
        <test-method status="PASS" signature="validateDepartReturnFlightSelection()[pri:21, instance:com.mercury.qa.testcases.SelectFlightTest@47ef968d]" name="validateDepartReturnFlightSelection" duration-ms="1675" started-at="2018-07-28T17:41:25Z" finished-at="2018-07-28T17:41:27Z">
          <reporter-output>
          </reporter-output>
        </test-method> <!-- validateDepartReturnFlightSelection -->
        <test-method status="PASS" signature="teardown()[pri:0, instance:com.mercury.qa.testcases.SelectFlightTest@47ef968d]" name="teardown" is-config="true" duration-ms="768" started-at="2018-07-28T17:41:27Z" finished-at="2018-07-28T17:41:27Z">
          <reporter-output>
          </reporter-output>
        </test-method> <!-- teardown -->
      </class> <!-- com.mercury.qa.testcases.SelectFlightTest -->
    </test> <!-- Mercury Tours testcases -->
  </suite> <!-- Merury Tours Automation Test suite -->
</testng-results>
