<?xml version="1.0" encoding="UTF-8"?>
<!-- Generated by org.testng.reporters.JUnitReportReporter -->
<testsuite skipped="6" hostname="DESKTOP-9NH6BU8" name="com.mercury.qa.testcases.LoginPageTest" tests="27" failures="2" timestamp="29 Jul 2018 06:23:03 GMT" time="240.129" errors="0">
  <testcase name="validateTitleTest" time="7.908" classname="com.mercury.qa.testcases.LoginPageTest"/>
  <testcase name="validateSignInLinkPresentTest" time="7.690" classname="com.mercury.qa.testcases.LoginPageTest"/>
  <testcase name="validateRegisterLinkPresentTest" time="9.287" classname="com.mercury.qa.testcases.LoginPageTest"/>
  <testcase name="validateSupportLinkPresentTest" time="6.778" classname="com.mercury.qa.testcases.LoginPageTest"/>
  <testcase name="validateContactLinkPresentTest" time="10.438" classname="com.mercury.qa.testcases.LoginPageTest"/>
  <testcase name="validateHomeLinkPresentTest" time="8.325" classname="com.mercury.qa.testcases.LoginPageTest"/>
  <testcase name="validateFlightsLinkPresentTest" time="7.258" classname="com.mercury.qa.testcases.LoginPageTest"/>
  <testcase name="validateHotelsLinkPresentTest" time="7.349" classname="com.mercury.qa.testcases.LoginPageTest"/>
  <testcase name="validateCarRentalsLinkPresentTest" time="8.696" classname="com.mercury.qa.testcases.LoginPageTest"/>
  <testcase name="validateCruisesLinkPresentTest" time="8.423" classname="com.mercury.qa.testcases.LoginPageTest"/>
  <testcase name="validateDestinationsLinkPresentTest" time="7.888" classname="com.mercury.qa.testcases.LoginPageTest"/>
  <testcase name="validateVacationsLinkPresentTest" time="6.618" classname="com.mercury.qa.testcases.LoginPageTest"/>
  <testcase name="validateLogoPresentTest" time="7.553" classname="com.mercury.qa.testcases.LoginPageTest"/>
  <testcase name="validateClickOnSignInLinkTest" time="7.223" classname="com.mercury.qa.testcases.LoginPageTest"/>
  <testcase name="validateClickOnRegisterLinkTest" time="9.192" classname="com.mercury.qa.testcases.LoginPageTest"/>
  <testcase name="validateClickOnSupportLinkTest" time="8.568" classname="com.mercury.qa.testcases.LoginPageTest">
    <skipped/>
  </testcase> <!-- validateClickOnSupportLinkTest -->
  <testcase name="validateClickOnSupportLinkTest" time="9.409" classname="com.mercury.qa.testcases.LoginPageTest">
    <skipped/>
  </testcase> <!-- validateClickOnSupportLinkTest -->
  <testcase name="validateClickOnSupportLinkTest" time="7.222" classname="com.mercury.qa.testcases.LoginPageTest">
    <failure type="java.lang.AssertionError" message="expected [Support: Mercury Tours] but found [Under Construction: Mercury Tours]">
      <![CDATA[java.lang.AssertionError: expected [Support: Mercury Tours] but found [Under Construction: Mercury Tours]
at org.testng.Assert.fail(Assert.java:96)
at org.testng.Assert.failNotEquals(Assert.java:776)
at org.testng.Assert.assertEqualsImpl(Assert.java:137)
at org.testng.Assert.assertEquals(Assert.java:118)
at org.testng.Assert.assertEquals(Assert.java:453)
at org.testng.Assert.assertEquals(Assert.java:463)
at com.mercury.qa.testcases.LoginPageTest.validateClickOnSupportLinkTest(LoginPageTest.java:172)
at sun.reflect.NativeMethodAccessorImpl.invoke0(Native Method)
at sun.reflect.NativeMethodAccessorImpl.invoke(NativeMethodAccessorImpl.java:62)
at sun.reflect.DelegatingMethodAccessorImpl.invoke(DelegatingMethodAccessorImpl.java:43)
at java.lang.reflect.Method.invoke(Method.java:498)
at org.testng.internal.MethodInvocationHelper.invokeMethod(MethodInvocationHelper.java:124)
at org.testng.internal.Invoker.invokeMethod(Invoker.java:583)
at org.testng.internal.Invoker.retryFailed(Invoker.java:839)
at org.testng.internal.Invoker.invokeTestMethods(Invoker.java:1010)
at org.testng.internal.TestMethodWorker.invokeTestMethods(TestMethodWorker.java:125)
at org.testng.internal.TestMethodWorker.run(TestMethodWorker.java:109)
at org.testng.TestRunner.privateRun(TestRunner.java:648)
at org.testng.TestRunner.run(TestRunner.java:505)
at org.testng.SuiteRunner.runTest(SuiteRunner.java:455)
at org.testng.SuiteRunner.runSequentially(SuiteRunner.java:450)
at org.testng.SuiteRunner.privateRun(SuiteRunner.java:415)
at org.testng.SuiteRunner.run(SuiteRunner.java:364)
at org.testng.SuiteRunnerWorker.runSuite(SuiteRunnerWorker.java:52)
at org.testng.SuiteRunnerWorker.run(SuiteRunnerWorker.java:84)
at org.testng.TestNG.runSuitesSequentially(TestNG.java:1208)
at org.testng.TestNG.runSuitesLocally(TestNG.java:1137)
at org.testng.TestNG.runSuites(TestNG.java:1049)
at org.testng.TestNG.run(TestNG.java:1017)
at org.apache.maven.surefire.testng.TestNGExecutor.run(TestNGExecutor.java:283)
at org.apache.maven.surefire.testng.TestNGXmlTestSuite.execute(TestNGXmlTestSuite.java:75)
at org.apache.maven.surefire.testng.TestNGProvider.invoke(TestNGProvider.java:120)
at org.apache.maven.surefire.booter.ForkedBooter.invokeProviderInSameClassLoader(ForkedBooter.java:373)
at org.apache.maven.surefire.booter.ForkedBooter.runSuitesInProcess(ForkedBooter.java:334)
at org.apache.maven.surefire.booter.ForkedBooter.execute(ForkedBooter.java:119)
at org.apache.maven.surefire.booter.ForkedBooter.main(ForkedBooter.java:407)
]]>
    </failure>
  </testcase> <!-- validateClickOnSupportLinkTest -->
  <testcase name="validateClickOnSupportLinkTest" time="9.788" classname="com.mercury.qa.testcases.LoginPageTest">
    <skipped/>
  </testcase> <!-- validateClickOnSupportLinkTest -->
  <testcase name="validateClickOnContactLinkTest" time="8.683" classname="com.mercury.qa.testcases.LoginPageTest">
    <skipped/>
  </testcase> <!-- validateClickOnContactLinkTest -->
  <testcase name="validateClickOnContactLinkTest" time="9.436" classname="com.mercury.qa.testcases.LoginPageTest">
    <skipped/>
  </testcase> <!-- validateClickOnContactLinkTest -->
  <testcase name="validateClickOnContactLinkTest" time="7.833" classname="com.mercury.qa.testcases.LoginPageTest">
    <failure type="java.lang.AssertionError" message="expected [Contact: Mercury Tours] but found [Under Construction: Mercury Tours]">
      <![CDATA[java.lang.AssertionError: expected [Contact: Mercury Tours] but found [Under Construction: Mercury Tours]
at org.testng.Assert.fail(Assert.java:96)
at org.testng.Assert.failNotEquals(Assert.java:776)
at org.testng.Assert.assertEqualsImpl(Assert.java:137)
at org.testng.Assert.assertEquals(Assert.java:118)
at org.testng.Assert.assertEquals(Assert.java:453)
at org.testng.Assert.assertEquals(Assert.java:463)
at com.mercury.qa.testcases.LoginPageTest.validateClickOnContactLinkTest(LoginPageTest.java:181)
at sun.reflect.NativeMethodAccessorImpl.invoke0(Native Method)
at sun.reflect.NativeMethodAccessorImpl.invoke(NativeMethodAccessorImpl.java:62)
at sun.reflect.DelegatingMethodAccessorImpl.invoke(DelegatingMethodAccessorImpl.java:43)
at java.lang.reflect.Method.invoke(Method.java:498)
at org.testng.internal.MethodInvocationHelper.invokeMethod(MethodInvocationHelper.java:124)
at org.testng.internal.Invoker.invokeMethod(Invoker.java:583)
at org.testng.internal.Invoker.retryFailed(Invoker.java:839)
at org.testng.internal.Invoker.invokeTestMethods(Invoker.java:1010)
at org.testng.internal.TestMethodWorker.invokeTestMethods(TestMethodWorker.java:125)
at org.testng.internal.TestMethodWorker.run(TestMethodWorker.java:109)
at org.testng.TestRunner.privateRun(TestRunner.java:648)
at org.testng.TestRunner.run(TestRunner.java:505)
at org.testng.SuiteRunner.runTest(SuiteRunner.java:455)
at org.testng.SuiteRunner.runSequentially(SuiteRunner.java:450)
at org.testng.SuiteRunner.privateRun(SuiteRunner.java:415)
at org.testng.SuiteRunner.run(SuiteRunner.java:364)
at org.testng.SuiteRunnerWorker.runSuite(SuiteRunnerWorker.java:52)
at org.testng.SuiteRunnerWorker.run(SuiteRunnerWorker.java:84)
at org.testng.TestNG.runSuitesSequentially(TestNG.java:1208)
at org.testng.TestNG.runSuitesLocally(TestNG.java:1137)
at org.testng.TestNG.runSuites(TestNG.java:1049)
at org.testng.TestNG.run(TestNG.java:1017)
at org.apache.maven.surefire.testng.TestNGExecutor.run(TestNGExecutor.java:283)
at org.apache.maven.surefire.testng.TestNGXmlTestSuite.execute(TestNGXmlTestSuite.java:75)
at org.apache.maven.surefire.testng.TestNGProvider.invoke(TestNGProvider.java:120)
at org.apache.maven.surefire.booter.ForkedBooter.invokeProviderInSameClassLoader(ForkedBooter.java:373)
at org.apache.maven.surefire.booter.ForkedBooter.runSuitesInProcess(ForkedBooter.java:334)
at org.apache.maven.surefire.booter.ForkedBooter.execute(ForkedBooter.java:119)
at org.apache.maven.surefire.booter.ForkedBooter.main(ForkedBooter.java:407)
]]>
    </failure>
  </testcase> <!-- validateClickOnContactLinkTest -->
  <testcase name="validateClickOnContactLinkTest" time="9.278" classname="com.mercury.qa.testcases.LoginPageTest">
    <skipped/>
  </testcase> <!-- validateClickOnContactLinkTest -->
  <testcase name="validateInvalidLoginTest" time="8.256" classname="com.mercury.qa.testcases.LoginPageTest"/>
  <testcase name="validateInvalidLoginTest" time="17.260" classname="com.mercury.qa.testcases.LoginPageTest"/>
  <testcase name="validateInvalidLoginTest" time="12.334" classname="com.mercury.qa.testcases.LoginPageTest"/>
  <testcase name="validateValidLoginTest" time="11.436" classname="com.mercury.qa.testcases.LoginPageTest"/>
</testsuite> <!-- com.mercury.qa.testcases.LoginPageTest -->
